{"/Users/smohite/graph-viz/packages/core/src/DisplayGroups.ts": {"path":"/Users/smohite/graph-viz/packages/core/src/DisplayGroups.ts","statementMap":{"0":{"start":{"line":2,"column":0},"end":{"line":2,"column":30}},"1":{"start":{"line":3,"column":0},"end":{"line":3,"column":39}},"2":{"start":{"line":4,"column":0},"end":{"line":4,"column":null}},"3":{"start":{"line":43,"column":13},"end":{"line":43,"column":null}},"4":{"start":{"line":44,"column":13},"end":{"line":44,"column":null}},"5":{"start":{"line":46,"column":0},"end":{"line":46,"column":13}},"6":{"start":{"line":47,"column":9},"end":{"line":47,"column":null}},"7":{"start":{"line":48,"column":10},"end":{"line":48,"column":null}},"8":{"start":{"line":51,"column":4},"end":{"line":51,"column":null}},"9":{"start":{"line":54,"column":9},"end":{"line":81,"column":null}},"10":{"start":{"line":55,"column":25},"end":{"line":55,"column":52}},"11":{"start":{"line":57,"column":26},"end":{"line":57,"column":55}},"12":{"start":{"line":57,"column":45},"end":{"line":57,"column":55}},"13":{"start":{"line":59,"column":4},"end":{"line":70,"column":null}},"14":{"start":{"line":59,"column":24},"end":{"line":59,"column":37}},"15":{"start":{"line":59,"column":20},"end":{"line":59,"column":24}},"16":{"start":{"line":60,"column":27},"end":{"line":60,"column":49}},"17":{"start":{"line":61,"column":6},"end":{"line":63,"column":null}},"18":{"start":{"line":62,"column":8},"end":{"line":62,"column":16}},"19":{"start":{"line":65,"column":6},"end":{"line":69,"column":null}},"20":{"start":{"line":66,"column":8},"end":{"line":66,"column":null}},"21":{"start":{"line":68,"column":8},"end":{"line":68,"column":null}},"22":{"start":{"line":72,"column":28},"end":{"line":72,"column":58}},"23":{"start":{"line":72,"column":47},"end":{"line":72,"column":58}},"24":{"start":{"line":75,"column":4},"end":{"line":80,"column":null}},"25":{"start":{"line":75,"column":24},"end":{"line":75,"column":39}},"26":{"start":{"line":75,"column":20},"end":{"line":75,"column":24}},"27":{"start":{"line":76,"column":6},"end":{"line":79,"column":null}},"28":{"start":{"line":77,"column":8},"end":{"line":77,"column":null}},"29":{"start":{"line":78,"column":8},"end":{"line":78,"column":null}},"30":{"start":{"line":83,"column":9},"end":{"line":99,"column":null}},"31":{"start":{"line":86,"column":61},"end":{"line":86,"column":63}},"32":{"start":{"line":87,"column":4},"end":{"line":97,"column":null}},"33":{"start":{"line":88,"column":6},"end":{"line":96,"column":null}},"34":{"start":{"line":89,"column":8},"end":{"line":95,"column":null}},"35":{"start":{"line":90,"column":10},"end":{"line":92,"column":null}},"36":{"start":{"line":91,"column":12},"end":{"line":91,"column":null}},"37":{"start":{"line":94,"column":10},"end":{"line":94,"column":null}},"38":{"start":{"line":98,"column":4},"end":{"line":98,"column":null}},"39":{"start":{"line":101,"column":10},"end":{"line":138,"column":null}},"40":{"start":{"line":102,"column":23},"end":{"line":102,"column":69}},"41":{"start":{"line":105,"column":6},"end":{"line":108,"column":60}},"42":{"start":{"line":113,"column":4},"end":{"line":126,"column":null}},"43":{"start":{"line":115,"column":6},"end":{"line":115,"column":null}},"44":{"start":{"line":116,"column":23},"end":{"line":120,"column":8}},"45":{"start":{"line":121,"column":6},"end":{"line":121,"column":null}},"46":{"start":{"line":122,"column":6},"end":{"line":122,"column":null}},"47":{"start":{"line":125,"column":6},"end":{"line":125,"column":null}},"48":{"start":{"line":128,"column":4},"end":{"line":128,"column":null}},"49":{"start":{"line":130,"column":33},"end":{"line":130,"column":35}},"50":{"start":{"line":131,"column":4},"end":{"line":133,"column":null}},"51":{"start":{"line":131,"column":17},"end":{"line":131,"column":18}},"52":{"start":{"line":132,"column":6},"end":{"line":132,"column":null}},"53":{"start":{"line":135,"column":4},"end":{"line":135,"column":null}},"54":{"start":{"line":136,"column":4},"end":{"line":136,"column":null}},"55":{"start":{"line":137,"column":4},"end":{"line":137,"column":null}},"56":{"start":{"line":140,"column":10},"end":{"line":169,"column":null}},"57":{"start":{"line":141,"column":17},"end":{"line":141,"column":46}},"58":{"start":{"line":144,"column":4},"end":{"line":163,"column":null}},"59":{"start":{"line":152,"column":23},"end":{"line":152,"column":43}},"60":{"start":{"line":153,"column":27},"end":{"line":153,"column":55}},"61":{"start":{"line":154,"column":23},"end":{"line":154,"column":67}},"62":{"start":{"line":156,"column":23},"end":{"line":160,"column":8}},"63":{"start":{"line":161,"column":6},"end":{"line":161,"column":null}},"64":{"start":{"line":162,"column":6},"end":{"line":162,"column":null}},"65":{"start":{"line":165,"column":4},"end":{"line":165,"column":null}},"66":{"start":{"line":166,"column":4},"end":{"line":166,"column":null}},"67":{"start":{"line":167,"column":4},"end":{"line":167,"column":null}},"68":{"start":{"line":168,"column":4},"end":{"line":168,"column":null}},"69":{"start":{"line":170,"column":0},"end":{"line":170,"column":null}},"70":{"start":{"line":46,"column":13},"end":{"line":46,"column":26}}},"fnMap":{"0":{"name":"(anonymous_0)","decl":{"start":{"line":46,"column":0},"end":{"line":46,"column":13}},"loc":{"start":{"line":46,"column":0},"end":{"line":170,"column":null}}},"1":{"name":"DisplayGroups","decl":{"start":{"line":50,"column":2},"end":{"line":50,"column":14}},"loc":{"start":{"line":50,"column":58},"end":{"line":52,"column":3}}},"2":{"name":"(anonymous_2)","decl":{"start":{"line":54,"column":2},"end":{"line":54,"column":9}},"loc":{"start":{"line":54,"column":63},"end":{"line":81,"column":3}}},"3":{"name":"(anonymous_3)","decl":{"start":{"line":57,"column":40},"end":{"line":57,"column":41}},"loc":{"start":{"line":57,"column":41},"end":{"line":57,"column":46}}},"4":{"name":"(anonymous_4)","decl":{"start":{"line":72,"column":42},"end":{"line":72,"column":43}},"loc":{"start":{"line":72,"column":43},"end":{"line":72,"column":48}}},"5":{"name":"(anonymous_5)","decl":{"start":{"line":83,"column":2},"end":{"line":83,"column":9}},"loc":{"start":{"line":84,"column":24},"end":{"line":99,"column":3}}},"6":{"name":"(anonymous_6)","decl":{"start":{"line":87,"column":18},"end":{"line":87,"column":19}},"loc":{"start":{"line":87,"column":19},"end":{"line":97,"column":5}}},"7":{"name":"(anonymous_7)","decl":{"start":{"line":89,"column":34},"end":{"line":89,"column":41}},"loc":{"start":{"line":89,"column":41},"end":{"line":95,"column":9}}},"8":{"name":"(anonymous_8)","decl":{"start":{"line":101,"column":2},"end":{"line":101,"column":10}},"loc":{"start":{"line":101,"column":75},"end":{"line":138,"column":3}}},"9":{"name":"(anonymous_9)","decl":{"start":{"line":140,"column":2},"end":{"line":140,"column":10}},"loc":{"start":{"line":140,"column":71},"end":{"line":169,"column":3}}}},"branchMap":{"0":{"loc":{"start":{"line":61,"column":6},"end":{"line":63,"column":null}},"type":"if","locations":[{"start":{"line":61,"column":6},"end":{"line":63,"column":null}},{"start":{"line":61,"column":6},"end":{"line":63,"column":null}}]},"1":{"loc":{"start":{"line":61,"column":10},"end":{"line":61,"column":23}},"type":"binary-expr","locations":[{"start":{"line":61,"column":10},"end":{"line":61,"column":23}},{"start":{"line":61,"column":27},"end":{"line":61,"column":50}}]},"2":{"loc":{"start":{"line":65,"column":6},"end":{"line":69,"column":null}},"type":"if","locations":[{"start":{"line":65,"column":6},"end":{"line":69,"column":null}},{"start":{"line":65,"column":6},"end":{"line":69,"column":null}}]},"3":{"loc":{"start":{"line":76,"column":6},"end":{"line":79,"column":null}},"type":"if","locations":[{"start":{"line":76,"column":6},"end":{"line":79,"column":null}},{"start":{"line":76,"column":6},"end":{"line":79,"column":null}}]},"4":{"loc":{"start":{"line":88,"column":6},"end":{"line":96,"column":null}},"type":"if","locations":[{"start":{"line":88,"column":6},"end":{"line":96,"column":null}},{"start":{"line":88,"column":6},"end":{"line":96,"column":null}}]},"5":{"loc":{"start":{"line":90,"column":10},"end":{"line":92,"column":null}},"type":"if","locations":[{"start":{"line":90,"column":10},"end":{"line":92,"column":null}},{"start":{"line":90,"column":10},"end":{"line":92,"column":null}}]},"6":{"loc":{"start":{"line":107,"column":10},"end":{"line":107,"column":76}},"type":"cond-expr","locations":[{"start":{"line":107,"column":10},"end":{"line":107,"column":76}},{"start":{"line":108,"column":10},"end":{"line":108,"column":60}}]},"7":{"loc":{"start":{"line":113,"column":4},"end":{"line":126,"column":null}},"type":"if","locations":[{"start":{"line":113,"column":4},"end":{"line":126,"column":null}},{"start":{"line":113,"column":4},"end":{"line":126,"column":null}}]},"8":{"loc":{"start":{"line":117,"column":15},"end":{"line":117,"column":25}},"type":"binary-expr","locations":[{"start":{"line":117,"column":15},"end":{"line":117,"column":25}},{"start":{"line":117,"column":29},"end":{"line":117,"column":55}}]},"9":{"loc":{"start":{"line":118,"column":17},"end":{"line":118,"column":34}},"type":"binary-expr","locations":[{"start":{"line":118,"column":17},"end":{"line":118,"column":34}},{"start":{"line":118,"column":38},"end":{"line":118,"column":72}}]},"10":{"loc":{"start":{"line":144,"column":4},"end":{"line":163,"column":null}},"type":"if","locations":[{"start":{"line":144,"column":4},"end":{"line":163,"column":null}},{"start":{"line":144,"column":4},"end":{"line":163,"column":null}}]},"11":{"loc":{"start":{"line":157,"column":15},"end":{"line":157,"column":25}},"type":"binary-expr","locations":[{"start":{"line":157,"column":15},"end":{"line":157,"column":25}},{"start":{"line":157,"column":29},"end":{"line":157,"column":55}}]},"12":{"loc":{"start":{"line":158,"column":17},"end":{"line":158,"column":34}},"type":"binary-expr","locations":[{"start":{"line":158,"column":17},"end":{"line":158,"column":34}},{"start":{"line":158,"column":38},"end":{"line":158,"column":72}}]},"13":{"loc":{"start":{"line":165,"column":51},"end":{"line":165,"column":64}},"type":"binary-expr","locations":[{"start":{"line":165,"column":51},"end":{"line":165,"column":64}},{"start":{"line":165,"column":68},"end":{"line":165,"column":70}}]},"14":{"loc":{"start":{"line":166,"column":51},"end":{"line":166,"column":64}},"type":"binary-expr","locations":[{"start":{"line":166,"column":51},"end":{"line":166,"column":64}},{"start":{"line":166,"column":68},"end":{"line":166,"column":70}}]}},"s":{"0":1,"1":1,"2":1,"3":1,"4":1,"5":1,"6":0,"7":0,"8":0,"9":1,"10":0,"11":0,"12":0,"13":0,"14":0,"15":0,"16":0,"17":0,"18":0,"19":0,"20":0,"21":0,"22":0,"23":0,"24":0,"25":0,"26":0,"27":0,"28":0,"29":0,"30":1,"31":0,"32":0,"33":0,"34":0,"35":0,"36":0,"37":0,"38":0,"39":1,"40":0,"41":0,"42":0,"43":0,"44":0,"45":0,"46":0,"47":0,"48":0,"49":0,"50":0,"51":0,"52":0,"53":0,"54":0,"55":0,"56":1,"57":0,"58":0,"59":0,"60":0,"61":0,"62":0,"63":0,"64":0,"65":0,"66":0,"67":0,"68":0,"69":1,"70":1},"f":{"0":1,"1":0,"2":0,"3":0,"4":0,"5":0,"6":0,"7":0,"8":0,"9":0},"b":{"0":[0,0],"1":[0,0],"2":[0,0],"3":[0,0],"4":[0,0],"5":[0,0],"6":[0,0],"7":[0,0],"8":[0,0],"9":[0,0],"10":[0,0],"11":[0,0],"12":[0,0],"13":[0,0],"14":[0,0]}}
,"/Users/smohite/graph-viz/packages/core/src/GraphVisualization.ts": {"path":"/Users/smohite/graph-viz/packages/core/src/GraphVisualization.ts","statementMap":{"0":{"start":{"line":1,"column":0},"end":{"line":1,"column":27}},"1":{"start":{"line":2,"column":0},"end":{"line":2,"column":30}},"2":{"start":{"line":4,"column":0},"end":{"line":4,"column":57}},"3":{"start":{"line":5,"column":0},"end":{"line":5,"column":null}},"4":{"start":{"line":16,"column":0},"end":{"line":16,"column":42}},"5":{"start":{"line":17,"column":0},"end":{"line":17,"column":59}},"6":{"start":{"line":18,"column":0},"end":{"line":18,"column":73}},"7":{"start":{"line":20,"column":17},"end":{"line":20,"column":20}},"8":{"start":{"line":21,"column":18},"end":{"line":21,"column":21}},"9":{"start":{"line":30,"column":38},"end":{"line":30,"column":40}},"10":{"start":{"line":31,"column":2},"end":{"line":33,"column":null}},"11":{"start":{"line":32,"column":4},"end":{"line":32,"column":null}},"12":{"start":{"line":35,"column":2},"end":{"line":35,"column":null}},"13":{"start":{"line":38,"column":31},"end":{"line":45,"column":null}},"14":{"start":{"line":57,"column":0},"end":{"line":57,"column":13}},"15":{"start":{"line":88,"column":2},"end":{"line":88,"column":null}},"16":{"start":{"line":93,"column":4},"end":{"line":93,"column":null}},"17":{"start":{"line":66,"column":10},"end":{"line":66,"column":null}},"18":{"start":{"line":69,"column":10},"end":{"line":79,"column":null}},"19":{"start":{"line":229,"column":9},"end":{"line":231,"column":null}},"20":{"start":{"line":230,"column":4},"end":{"line":230,"column":null}},"21":{"start":{"line":377,"column":10},"end":{"line":421,"column":null}},"22":{"start":{"line":378,"column":4},"end":{"line":381,"column":null}},"23":{"start":{"line":380,"column":6},"end":{"line":380,"column":12}},"24":{"start":{"line":383,"column":22},"end":{"line":383,"column":75}},"25":{"start":{"line":384,"column":4},"end":{"line":384,"column":54}},"26":{"start":{"line":386,"column":19},"end":{"line":386,"column":38}},"27":{"start":{"line":387,"column":4},"end":{"line":387,"column":null}},"28":{"start":{"line":388,"column":4},"end":{"line":388,"column":null}},"29":{"start":{"line":389,"column":4},"end":{"line":389,"column":null}},"30":{"start":{"line":391,"column":21},"end":{"line":393,"column":null}},"31":{"start":{"line":397,"column":4},"end":{"line":397,"column":null}},"32":{"start":{"line":398,"column":4},"end":{"line":398,"column":null}},"33":{"start":{"line":402,"column":4},"end":{"line":402,"column":null}},"34":{"start":{"line":404,"column":4},"end":{"line":404,"column":null}},"35":{"start":{"line":406,"column":4},"end":{"line":408,"column":null}},"36":{"start":{"line":407,"column":6},"end":{"line":407,"column":12}},"37":{"start":{"line":410,"column":20},"end":{"line":410,"column":23}},"38":{"start":{"line":411,"column":18},"end":{"line":413,"column":55}},"39":{"start":{"line":414,"column":4},"end":{"line":417,"column":null}},"40":{"start":{"line":418,"column":4},"end":{"line":418,"column":null}},"41":{"start":{"line":419,"column":4},"end":{"line":419,"column":null}},"42":{"start":{"line":420,"column":4},"end":{"line":420,"column":null}},"43":{"start":{"line":423,"column":10},"end":{"line":429,"column":null}},"44":{"start":{"line":424,"column":4},"end":{"line":426,"column":null}},"45":{"start":{"line":425,"column":6},"end":{"line":425,"column":12}},"46":{"start":{"line":427,"column":4},"end":{"line":427,"column":null}},"47":{"start":{"line":428,"column":4},"end":{"line":428,"column":null}},"48":{"start":{"line":431,"column":10},"end":{"line":437,"column":null}},"49":{"start":{"line":432,"column":4},"end":{"line":434,"column":null}},"50":{"start":{"line":433,"column":6},"end":{"line":433,"column":12}},"51":{"start":{"line":435,"column":4},"end":{"line":435,"column":null}},"52":{"start":{"line":436,"column":4},"end":{"line":436,"column":null}},"53":{"start":{"line":439,"column":10},"end":{"line":448,"column":null}},"54":{"start":{"line":443,"column":4},"end":{"line":443,"column":null}},"55":{"start":{"line":444,"column":4},"end":{"line":446,"column":null}},"56":{"start":{"line":445,"column":6},"end":{"line":445,"column":null}},"57":{"start":{"line":447,"column":4},"end":{"line":447,"column":18}},"58":{"start":{"line":450,"column":10},"end":{"line":458,"column":null}},"59":{"start":{"line":454,"column":4},"end":{"line":456,"column":null}},"60":{"start":{"line":455,"column":6},"end":{"line":455,"column":null}},"61":{"start":{"line":457,"column":4},"end":{"line":457,"column":null}},"62":{"start":{"line":460,"column":10},"end":{"line":464,"column":null}},"63":{"start":{"line":461,"column":4},"end":{"line":463,"column":null}},"64":{"start":{"line":462,"column":6},"end":{"line":462,"column":null}},"65":{"start":{"line":466,"column":10},"end":{"line":486,"column":null}},"66":{"start":{"line":467,"column":17},"end":{"line":467,"column":52}},"67":{"start":{"line":468,"column":4},"end":{"line":468,"column":null}},"68":{"start":{"line":470,"column":4},"end":{"line":473,"column":null}},"69":{"start":{"line":474,"column":4},"end":{"line":477,"column":null}},"70":{"start":{"line":478,"column":4},"end":{"line":478,"column":null}},"71":{"start":{"line":480,"column":4},"end":{"line":480,"column":null}},"72":{"start":{"line":482,"column":4},"end":{"line":484,"column":null}},"73":{"start":{"line":483,"column":6},"end":{"line":483,"column":null}},"74":{"start":{"line":485,"column":4},"end":{"line":485,"column":null}},"75":{"start":{"line":488,"column":10},"end":{"line":502,"column":null}},"76":{"start":{"line":489,"column":4},"end":{"line":489,"column":null}},"77":{"start":{"line":491,"column":23},"end":{"line":491,"column":53}},"78":{"start":{"line":492,"column":4},"end":{"line":492,"column":null}},"79":{"start":{"line":493,"column":4},"end":{"line":493,"column":null}},"80":{"start":{"line":495,"column":4},"end":{"line":495,"column":null}},"81":{"start":{"line":496,"column":4},"end":{"line":496,"column":null}},"82":{"start":{"line":498,"column":4},"end":{"line":500,"column":null}},"83":{"start":{"line":499,"column":6},"end":{"line":499,"column":null}},"84":{"start":{"line":501,"column":4},"end":{"line":501,"column":null}},"85":{"start":{"line":504,"column":10},"end":{"line":514,"column":null}},"86":{"start":{"line":508,"column":4},"end":{"line":510,"column":null}},"87":{"start":{"line":509,"column":6},"end":{"line":509,"column":12}},"88":{"start":{"line":512,"column":4},"end":{"line":512,"column":null}},"89":{"start":{"line":513,"column":4},"end":{"line":513,"column":null}},"90":{"start":{"line":516,"column":10},"end":{"line":524,"column":null}},"91":{"start":{"line":520,"column":4},"end":{"line":522,"column":null}},"92":{"start":{"line":521,"column":6},"end":{"line":521,"column":12}},"93":{"start":{"line":523,"column":4},"end":{"line":523,"column":null}},"94":{"start":{"line":95,"column":4},"end":{"line":95,"column":null}},"95":{"start":{"line":96,"column":4},"end":{"line":96,"column":null}},"96":{"start":{"line":97,"column":4},"end":{"line":97,"column":null}},"97":{"start":{"line":98,"column":4},"end":{"line":98,"column":null}},"98":{"start":{"line":100,"column":4},"end":{"line":100,"column":null}},"99":{"start":{"line":103,"column":4},"end":{"line":103,"column":null}},"100":{"start":{"line":104,"column":4},"end":{"line":111,"column":null}},"101":{"start":{"line":114,"column":4},"end":{"line":114,"column":null}},"102":{"start":{"line":115,"column":4},"end":{"line":115,"column":null}},"103":{"start":{"line":117,"column":4},"end":{"line":122,"column":null}},"104":{"start":{"line":124,"column":4},"end":{"line":124,"column":null}},"105":{"start":{"line":126,"column":4},"end":{"line":126,"column":null}},"106":{"start":{"line":127,"column":4},"end":{"line":127,"column":null}},"107":{"start":{"line":129,"column":4},"end":{"line":129,"column":null}},"108":{"start":{"line":130,"column":4},"end":{"line":130,"column":null}},"109":{"start":{"line":131,"column":4},"end":{"line":131,"column":null}},"110":{"start":{"line":133,"column":4},"end":{"line":133,"column":null}},"111":{"start":{"line":134,"column":4},"end":{"line":134,"column":null}},"112":{"start":{"line":136,"column":4},"end":{"line":136,"column":null}},"113":{"start":{"line":137,"column":4},"end":{"line":137,"column":null}},"114":{"start":{"line":139,"column":4},"end":{"line":139,"column":null}},"115":{"start":{"line":140,"column":4},"end":{"line":140,"column":null}},"116":{"start":{"line":142,"column":4},"end":{"line":142,"column":null}},"117":{"start":{"line":144,"column":4},"end":{"line":149,"column":null}},"118":{"start":{"line":151,"column":27},"end":{"line":153,"column":null}},"119":{"start":{"line":156,"column":4},"end":{"line":158,"column":null}},"120":{"start":{"line":157,"column":6},"end":{"line":157,"column":null}},"121":{"start":{"line":160,"column":4},"end":{"line":163,"column":null}},"122":{"start":{"line":161,"column":6},"end":{"line":161,"column":null}},"123":{"start":{"line":162,"column":6},"end":{"line":162,"column":null}},"124":{"start":{"line":165,"column":4},"end":{"line":169,"column":null}},"125":{"start":{"line":166,"column":6},"end":{"line":166,"column":null}},"126":{"start":{"line":167,"column":6},"end":{"line":167,"column":null}},"127":{"start":{"line":168,"column":6},"end":{"line":168,"column":null}},"128":{"start":{"line":171,"column":4},"end":{"line":173,"column":null}},"129":{"start":{"line":172,"column":6},"end":{"line":172,"column":null}},"130":{"start":{"line":175,"column":4},"end":{"line":177,"column":null}},"131":{"start":{"line":176,"column":6},"end":{"line":176,"column":null}},"132":{"start":{"line":179,"column":4},"end":{"line":181,"column":null}},"133":{"start":{"line":180,"column":6},"end":{"line":180,"column":null}},"134":{"start":{"line":185,"column":9},"end":{"line":187,"column":null}},"135":{"start":{"line":186,"column":4},"end":{"line":186,"column":null}},"136":{"start":{"line":190,"column":9},"end":{"line":192,"column":null}},"137":{"start":{"line":191,"column":4},"end":{"line":191,"column":null}},"138":{"start":{"line":195,"column":9},"end":{"line":197,"column":null}},"139":{"start":{"line":196,"column":4},"end":{"line":196,"column":null}},"140":{"start":{"line":200,"column":9},"end":{"line":202,"column":null}},"141":{"start":{"line":201,"column":4},"end":{"line":201,"column":null}},"142":{"start":{"line":205,"column":9},"end":{"line":207,"column":null}},"143":{"start":{"line":206,"column":4},"end":{"line":206,"column":null}},"144":{"start":{"line":210,"column":9},"end":{"line":212,"column":null}},"145":{"start":{"line":211,"column":4},"end":{"line":211,"column":null}},"146":{"start":{"line":215,"column":9},"end":{"line":217,"column":null}},"147":{"start":{"line":216,"column":4},"end":{"line":216,"column":null}},"148":{"start":{"line":220,"column":9},"end":{"line":222,"column":null}},"149":{"start":{"line":221,"column":4},"end":{"line":221,"column":null}},"150":{"start":{"line":225,"column":9},"end":{"line":227,"column":null}},"151":{"start":{"line":226,"column":4},"end":{"line":226,"column":null}},"152":{"start":{"line":239,"column":9},"end":{"line":246,"column":null}},"153":{"start":{"line":240,"column":4},"end":{"line":240,"column":null}},"154":{"start":{"line":241,"column":4},"end":{"line":241,"column":null}},"155":{"start":{"line":242,"column":4},"end":{"line":242,"column":null}},"156":{"start":{"line":243,"column":4},"end":{"line":243,"column":null}},"157":{"start":{"line":244,"column":4},"end":{"line":244,"column":null}},"158":{"start":{"line":245,"column":4},"end":{"line":245,"column":null}},"159":{"start":{"line":258,"column":9},"end":{"line":281,"column":null}},"160":{"start":{"line":259,"column":4},"end":{"line":266,"column":null}},"161":{"start":{"line":260,"column":6},"end":{"line":265,"column":null}},"162":{"start":{"line":268,"column":4},"end":{"line":268,"column":null}},"163":{"start":{"line":270,"column":4},"end":{"line":270,"column":null}},"164":{"start":{"line":271,"column":4},"end":{"line":273,"column":null}},"165":{"start":{"line":274,"column":4},"end":{"line":274,"column":null}},"166":{"start":{"line":275,"column":4},"end":{"line":275,"column":null}},"167":{"start":{"line":277,"column":4},"end":{"line":279,"column":null}},"168":{"start":{"line":278,"column":6},"end":{"line":278,"column":null}},"169":{"start":{"line":280,"column":4},"end":{"line":280,"column":null}},"170":{"start":{"line":289,"column":9},"end":{"line":298,"column":null}},"171":{"start":{"line":293,"column":4},"end":{"line":293,"column":null}},"172":{"start":{"line":294,"column":4},"end":{"line":294,"column":null}},"173":{"start":{"line":295,"column":4},"end":{"line":295,"column":null}},"174":{"start":{"line":296,"column":4},"end":{"line":296,"column":null}},"175":{"start":{"line":297,"column":4},"end":{"line":297,"column":null}},"176":{"start":{"line":308,"column":9},"end":{"line":312,"column":null}},"177":{"start":{"line":309,"column":4},"end":{"line":309,"column":null}},"178":{"start":{"line":310,"column":4},"end":{"line":310,"column":null}},"179":{"start":{"line":311,"column":4},"end":{"line":311,"column":null}},"180":{"start":{"line":320,"column":9},"end":{"line":334,"column":null}},"181":{"start":{"line":321,"column":4},"end":{"line":323,"column":null}},"182":{"start":{"line":322,"column":6},"end":{"line":322,"column":12}},"183":{"start":{"line":324,"column":4},"end":{"line":324,"column":null}},"184":{"start":{"line":325,"column":4},"end":{"line":325,"column":null}},"185":{"start":{"line":327,"column":4},"end":{"line":327,"column":null}},"186":{"start":{"line":328,"column":4},"end":{"line":328,"column":null}},"187":{"start":{"line":329,"column":4},"end":{"line":329,"column":null}},"188":{"start":{"line":330,"column":4},"end":{"line":330,"column":null}},"189":{"start":{"line":331,"column":4},"end":{"line":331,"column":null}},"190":{"start":{"line":332,"column":4},"end":{"line":332,"column":null}},"191":{"start":{"line":333,"column":4},"end":{"line":333,"column":null}},"192":{"start":{"line":341,"column":9},"end":{"line":353,"column":null}},"193":{"start":{"line":342,"column":4},"end":{"line":342,"column":null}},"194":{"start":{"line":343,"column":4},"end":{"line":343,"column":null}},"195":{"start":{"line":345,"column":16},"end":{"line":345,"column":52}},"196":{"start":{"line":346,"column":4},"end":{"line":346,"column":null}},"197":{"start":{"line":348,"column":4},"end":{"line":352,"column":null}},"198":{"start":{"line":359,"column":9},"end":{"line":366,"column":null}},"199":{"start":{"line":359,"column":14},"end":{"line":359,"column":null}},"200":{"start":{"line":360,"column":4},"end":{"line":360,"column":null}},"201":{"start":{"line":361,"column":4},"end":{"line":361,"column":null}},"202":{"start":{"line":362,"column":4},"end":{"line":362,"column":null}},"203":{"start":{"line":363,"column":4},"end":{"line":363,"column":null}},"204":{"start":{"line":364,"column":4},"end":{"line":364,"column":null}},"205":{"start":{"line":365,"column":4},"end":{"line":365,"column":null}},"206":{"start":{"line":371,"column":9},"end":{"line":375,"column":null}},"207":{"start":{"line":372,"column":4},"end":{"line":372,"column":null}},"208":{"start":{"line":373,"column":4},"end":{"line":373,"column":null}},"209":{"start":{"line":374,"column":4},"end":{"line":374,"column":null}},"210":{"start":{"line":185,"column":2},"end":{"line":187,"column":null}},"211":{"start":{"line":190,"column":2},"end":{"line":192,"column":null}},"212":{"start":{"line":195,"column":2},"end":{"line":197,"column":null}},"213":{"start":{"line":200,"column":2},"end":{"line":202,"column":null}},"214":{"start":{"line":205,"column":2},"end":{"line":207,"column":null}},"215":{"start":{"line":210,"column":2},"end":{"line":212,"column":null}},"216":{"start":{"line":215,"column":2},"end":{"line":217,"column":null}},"217":{"start":{"line":220,"column":2},"end":{"line":222,"column":null}},"218":{"start":{"line":225,"column":2},"end":{"line":227,"column":null}},"219":{"start":{"line":239,"column":2},"end":{"line":246,"column":null}},"220":{"start":{"line":258,"column":2},"end":{"line":281,"column":null}},"221":{"start":{"line":289,"column":2},"end":{"line":298,"column":null}},"222":{"start":{"line":308,"column":2},"end":{"line":312,"column":null}},"223":{"start":{"line":320,"column":2},"end":{"line":334,"column":null}},"224":{"start":{"line":57,"column":13},"end":{"line":525,"column":null}},"225":{"start":{"line":525,"column":0},"end":{"line":525,"column":null}},"226":{"start":{"line":57,"column":13},"end":{"line":57,"column":31}}},"fnMap":{"0":{"name":"constructIdToIdxMap","decl":{"start":{"line":29,"column":9},"end":{"line":29,"column":28}},"loc":{"start":{"line":29,"column":53},"end":{"line":36,"column":1}}},"1":{"name":"(anonymous_7)","decl":{"start":{"line":31,"column":14},"end":{"line":31,"column":15}},"loc":{"start":{"line":31,"column":24},"end":{"line":33,"column":3}}},"2":{"name":"(anonymous_8)","decl":{"start":{"line":57,"column":0},"end":{"line":57,"column":13}},"loc":{"start":{"line":57,"column":0},"end":{"line":57,"column":13}}},"3":{"name":"GraphVisualization","decl":{"start":{"line":88,"column":2},"end":{"line":88,"column":null}},"loc":{"start":{"line":93,"column":37},"end":{"line":182,"column":3}}},"4":{"name":"(anonymous_10)","decl":{"start":{"line":229,"column":18},"end":{"line":229,"column":null}},"loc":{"start":{"line":229,"column":18},"end":{"line":231,"column":3}}},"5":{"name":"(anonymous_11)","decl":{"start":{"line":377,"column":22},"end":{"line":377,"column":23}},"loc":{"start":{"line":377,"column":56},"end":{"line":421,"column":3}}},"6":{"name":"(anonymous_12)","decl":{"start":{"line":423,"column":26},"end":{"line":423,"column":27}},"loc":{"start":{"line":423,"column":51},"end":{"line":429,"column":3}}},"7":{"name":"(anonymous_13)","decl":{"start":{"line":431,"column":27},"end":{"line":431,"column":28}},"loc":{"start":{"line":431,"column":54},"end":{"line":437,"column":3}}},"8":{"name":"(anonymous_14)","decl":{"start":{"line":439,"column":28},"end":{"line":439,"column":null}},"loc":{"start":{"line":441,"column":33},"end":{"line":448,"column":3}}},"9":{"name":"(anonymous_15)","decl":{"start":{"line":450,"column":27},"end":{"line":450,"column":null}},"loc":{"start":{"line":452,"column":26},"end":{"line":458,"column":3}}},"10":{"name":"(anonymous_16)","decl":{"start":{"line":460,"column":26},"end":{"line":460,"column":27}},"loc":{"start":{"line":460,"column":74},"end":{"line":464,"column":3}}},"11":{"name":"(anonymous_17)","decl":{"start":{"line":466,"column":22},"end":{"line":466,"column":23}},"loc":{"start":{"line":466,"column":40},"end":{"line":486,"column":3}}},"12":{"name":"(anonymous_18)","decl":{"start":{"line":488,"column":30},"end":{"line":488,"column":31}},"loc":{"start":{"line":488,"column":53},"end":{"line":502,"column":3}}},"13":{"name":"(anonymous_19)","decl":{"start":{"line":504,"column":24},"end":{"line":504,"column":null}},"loc":{"start":{"line":506,"column":33},"end":{"line":514,"column":3}}},"14":{"name":"(anonymous_20)","decl":{"start":{"line":516,"column":33},"end":{"line":516,"column":null}},"loc":{"start":{"line":518,"column":33},"end":{"line":524,"column":3}}},"15":{"name":"(anonymous_21)","decl":{"start":{"line":185,"column":2},"end":{"line":185,"column":9}},"loc":{"start":{"line":185,"column":60},"end":{"line":187,"column":3}}},"16":{"name":"(anonymous_22)","decl":{"start":{"line":190,"column":2},"end":{"line":190,"column":9}},"loc":{"start":{"line":190,"column":61},"end":{"line":192,"column":3}}},"17":{"name":"(anonymous_23)","decl":{"start":{"line":195,"column":2},"end":{"line":195,"column":9}},"loc":{"start":{"line":195,"column":54},"end":{"line":197,"column":3}}},"18":{"name":"(anonymous_24)","decl":{"start":{"line":200,"column":2},"end":{"line":200,"column":9}},"loc":{"start":{"line":200,"column":62},"end":{"line":202,"column":3}}},"19":{"name":"(anonymous_25)","decl":{"start":{"line":205,"column":2},"end":{"line":205,"column":9}},"loc":{"start":{"line":205,"column":58},"end":{"line":207,"column":3}}},"20":{"name":"(anonymous_26)","decl":{"start":{"line":210,"column":2},"end":{"line":210,"column":9}},"loc":{"start":{"line":210,"column":60},"end":{"line":212,"column":3}}},"21":{"name":"(anonymous_27)","decl":{"start":{"line":215,"column":2},"end":{"line":215,"column":9}},"loc":{"start":{"line":215,"column":72},"end":{"line":217,"column":3}}},"22":{"name":"(anonymous_28)","decl":{"start":{"line":220,"column":2},"end":{"line":220,"column":9}},"loc":{"start":{"line":220,"column":50},"end":{"line":222,"column":3}}},"23":{"name":"(anonymous_29)","decl":{"start":{"line":225,"column":2},"end":{"line":225,"column":9}},"loc":{"start":{"line":225,"column":52},"end":{"line":227,"column":3}}},"24":{"name":"(anonymous_30)","decl":{"start":{"line":239,"column":2},"end":{"line":239,"column":9}},"loc":{"start":{"line":239,"column":59},"end":{"line":246,"column":3}}},"25":{"name":"(anonymous_31)","decl":{"start":{"line":258,"column":2},"end":{"line":258,"column":9}},"loc":{"start":{"line":258,"column":75},"end":{"line":281,"column":3}}},"26":{"name":"(anonymous_32)","decl":{"start":{"line":289,"column":2},"end":{"line":289,"column":9}},"loc":{"start":{"line":291,"column":38},"end":{"line":298,"column":3}}},"27":{"name":"(anonymous_33)","decl":{"start":{"line":308,"column":2},"end":{"line":308,"column":9}},"loc":{"start":{"line":308,"column":54},"end":{"line":312,"column":3}}},"28":{"name":"(anonymous_34)","decl":{"start":{"line":320,"column":2},"end":{"line":320,"column":9}},"loc":{"start":{"line":320,"column":65},"end":{"line":334,"column":3}}},"29":{"name":"(anonymous_35)","decl":{"start":{"line":341,"column":2},"end":{"line":341,"column":9}},"loc":{"start":{"line":343,"column":22},"end":{"line":353,"column":3}}},"30":{"name":"(anonymous_36)","decl":{"start":{"line":359,"column":2},"end":{"line":359,"column":9}},"loc":{"start":{"line":359,"column":32},"end":{"line":366,"column":3}}},"31":{"name":"(anonymous_37)","decl":{"start":{"line":371,"column":2},"end":{"line":371,"column":9}},"loc":{"start":{"line":371,"column":2},"end":{"line":375,"column":3}}}},"branchMap":{"0":{"loc":{"start":{"line":93,"column":4},"end":{"line":93,"column":null}},"type":"if","locations":[{"start":{"line":93,"column":4},"end":{"line":93,"column":null}},{"start":{"line":93,"column":4},"end":{"line":93,"column":null}}]},"1":{"loc":{"start":{"line":378,"column":4},"end":{"line":381,"column":null}},"type":"if","locations":[{"start":{"line":378,"column":4},"end":{"line":381,"column":null}},{"start":{"line":378,"column":4},"end":{"line":381,"column":null}}]},"2":{"loc":{"start":{"line":406,"column":4},"end":{"line":408,"column":null}},"type":"if","locations":[{"start":{"line":406,"column":4},"end":{"line":408,"column":null}},{"start":{"line":406,"column":4},"end":{"line":408,"column":null}}]},"3":{"loc":{"start":{"line":424,"column":4},"end":{"line":426,"column":null}},"type":"if","locations":[{"start":{"line":424,"column":4},"end":{"line":426,"column":null}},{"start":{"line":424,"column":4},"end":{"line":426,"column":null}}]},"4":{"loc":{"start":{"line":432,"column":4},"end":{"line":434,"column":null}},"type":"if","locations":[{"start":{"line":432,"column":4},"end":{"line":434,"column":null}},{"start":{"line":432,"column":4},"end":{"line":434,"column":null}}]},"5":{"loc":{"start":{"line":444,"column":4},"end":{"line":446,"column":null}},"type":"if","locations":[{"start":{"line":444,"column":4},"end":{"line":446,"column":null}},{"start":{"line":444,"column":4},"end":{"line":446,"column":null}}]},"6":{"loc":{"start":{"line":454,"column":4},"end":{"line":456,"column":null}},"type":"if","locations":[{"start":{"line":454,"column":4},"end":{"line":456,"column":null}},{"start":{"line":454,"column":4},"end":{"line":456,"column":null}}]},"7":{"loc":{"start":{"line":461,"column":4},"end":{"line":463,"column":null}},"type":"if","locations":[{"start":{"line":461,"column":4},"end":{"line":463,"column":null}},{"start":{"line":461,"column":4},"end":{"line":463,"column":null}}]},"8":{"loc":{"start":{"line":482,"column":4},"end":{"line":484,"column":null}},"type":"if","locations":[{"start":{"line":482,"column":4},"end":{"line":484,"column":null}},{"start":{"line":482,"column":4},"end":{"line":484,"column":null}}]},"9":{"loc":{"start":{"line":491,"column":42},"end":{"line":491,"column":46}},"type":"cond-expr","locations":[{"start":{"line":491,"column":42},"end":{"line":491,"column":46}},{"start":{"line":491,"column":49},"end":{"line":491,"column":53}}]},"10":{"loc":{"start":{"line":498,"column":4},"end":{"line":500,"column":null}},"type":"if","locations":[{"start":{"line":498,"column":4},"end":{"line":500,"column":null}},{"start":{"line":498,"column":4},"end":{"line":500,"column":null}}]},"11":{"loc":{"start":{"line":508,"column":4},"end":{"line":510,"column":null}},"type":"if","locations":[{"start":{"line":508,"column":4},"end":{"line":510,"column":null}},{"start":{"line":508,"column":4},"end":{"line":510,"column":null}}]},"12":{"loc":{"start":{"line":508,"column":8},"end":{"line":508,"column":31}},"type":"binary-expr","locations":[{"start":{"line":508,"column":8},"end":{"line":508,"column":31}},{"start":{"line":508,"column":35},"end":{"line":508,"column":70}}]},"13":{"loc":{"start":{"line":520,"column":4},"end":{"line":522,"column":null}},"type":"if","locations":[{"start":{"line":520,"column":4},"end":{"line":522,"column":null}},{"start":{"line":520,"column":4},"end":{"line":522,"column":null}}]},"14":{"loc":{"start":{"line":156,"column":4},"end":{"line":158,"column":null}},"type":"if","locations":[{"start":{"line":156,"column":4},"end":{"line":158,"column":null}},{"start":{"line":156,"column":4},"end":{"line":158,"column":null}}]},"15":{"loc":{"start":{"line":160,"column":4},"end":{"line":163,"column":null}},"type":"if","locations":[{"start":{"line":160,"column":4},"end":{"line":163,"column":null}},{"start":{"line":160,"column":4},"end":{"line":163,"column":null}}]},"16":{"loc":{"start":{"line":165,"column":4},"end":{"line":169,"column":null}},"type":"if","locations":[{"start":{"line":165,"column":4},"end":{"line":169,"column":null}},{"start":{"line":165,"column":4},"end":{"line":169,"column":null}}]},"17":{"loc":{"start":{"line":171,"column":4},"end":{"line":173,"column":null}},"type":"if","locations":[{"start":{"line":171,"column":4},"end":{"line":173,"column":null}},{"start":{"line":171,"column":4},"end":{"line":173,"column":null}}]},"18":{"loc":{"start":{"line":175,"column":4},"end":{"line":177,"column":null}},"type":"if","locations":[{"start":{"line":175,"column":4},"end":{"line":177,"column":null}},{"start":{"line":175,"column":4},"end":{"line":177,"column":null}}]},"19":{"loc":{"start":{"line":179,"column":4},"end":{"line":181,"column":null}},"type":"if","locations":[{"start":{"line":179,"column":4},"end":{"line":181,"column":null}},{"start":{"line":179,"column":4},"end":{"line":181,"column":null}}]},"20":{"loc":{"start":{"line":259,"column":4},"end":{"line":266,"column":null}},"type":"if","locations":[{"start":{"line":259,"column":4},"end":{"line":266,"column":null}},{"start":{"line":259,"column":4},"end":{"line":266,"column":null}}]},"21":{"loc":{"start":{"line":277,"column":4},"end":{"line":279,"column":null}},"type":"if","locations":[{"start":{"line":277,"column":4},"end":{"line":279,"column":null}},{"start":{"line":277,"column":4},"end":{"line":279,"column":null}}]},"22":{"loc":{"start":{"line":321,"column":4},"end":{"line":323,"column":null}},"type":"if","locations":[{"start":{"line":321,"column":4},"end":{"line":323,"column":null}},{"start":{"line":321,"column":4},"end":{"line":323,"column":null}}]},"23":{"loc":{"start":{"line":321,"column":8},"end":{"line":321,"column":28}},"type":"binary-expr","locations":[{"start":{"line":321,"column":8},"end":{"line":321,"column":28}},{"start":{"line":321,"column":32},"end":{"line":321,"column":54}}]},"24":{"loc":{"start":{"line":342,"column":4},"end":{"line":342,"column":null}},"type":"if","locations":[{"start":{"line":342,"column":4},"end":{"line":342,"column":null}},{"start":{"line":342,"column":4},"end":{"line":342,"column":null}}]},"25":{"loc":{"start":{"line":343,"column":4},"end":{"line":343,"column":null}},"type":"if","locations":[{"start":{"line":343,"column":4},"end":{"line":343,"column":null}},{"start":{"line":343,"column":4},"end":{"line":343,"column":null}}]},"26":{"loc":{"start":{"line":359,"column":14},"end":{"line":359,"column":null}},"type":"if","locations":[{"start":{"line":359,"column":14},"end":{"line":359,"column":null}},{"start":{"line":359,"column":14},"end":{"line":359,"column":null}}]}},"s":{"0":1,"1":1,"2":1,"3":1,"4":1,"5":1,"6":1,"7":1,"8":1,"9":1,"10":1,"11":6,"12":1,"13":1,"14":1,"15":1,"16":2,"17":1,"18":1,"19":1,"20":0,"21":1,"22":0,"23":0,"24":0,"25":0,"26":0,"27":0,"28":0,"29":0,"30":0,"31":0,"32":0,"33":0,"34":0,"35":0,"36":0,"37":0,"38":0,"39":0,"40":0,"41":0,"42":0,"43":1,"44":0,"45":0,"46":0,"47":0,"48":1,"49":0,"50":0,"51":0,"52":0,"53":1,"54":0,"55":0,"56":0,"57":0,"58":1,"59":0,"60":0,"61":0,"62":1,"63":0,"64":0,"65":1,"66":0,"67":0,"68":0,"69":0,"70":0,"71":0,"72":0,"73":0,"74":0,"75":1,"76":0,"77":0,"78":0,"79":0,"80":0,"81":0,"82":0,"83":0,"84":0,"85":1,"86":0,"87":0,"88":0,"89":0,"90":1,"91":0,"92":0,"93":0,"94":1,"95":1,"96":1,"97":1,"98":1,"99":1,"100":1,"101":1,"102":1,"103":1,"104":0,"105":0,"106":0,"107":0,"108":0,"109":0,"110":0,"111":0,"112":0,"113":0,"114":0,"115":0,"116":0,"117":0,"118":0,"119":0,"120":0,"121":0,"122":0,"123":0,"124":0,"125":0,"126":0,"127":0,"128":0,"129":0,"130":0,"131":0,"132":0,"133":0,"134":1,"135":0,"136":1,"137":0,"138":1,"139":0,"140":1,"141":0,"142":1,"143":0,"144":1,"145":0,"146":1,"147":0,"148":1,"149":0,"150":1,"151":0,"152":1,"153":0,"154":0,"155":0,"156":0,"157":0,"158":0,"159":1,"160":0,"161":0,"162":0,"163":0,"164":0,"165":0,"166":0,"167":0,"168":0,"169":0,"170":1,"171":0,"172":0,"173":0,"174":0,"175":0,"176":1,"177":0,"178":0,"179":0,"180":1,"181":0,"182":0,"183":0,"184":0,"185":0,"186":0,"187":0,"188":0,"189":0,"190":0,"191":0,"192":1,"193":0,"194":0,"195":0,"196":0,"197":0,"198":1,"199":0,"200":0,"201":0,"202":0,"203":0,"204":0,"205":0,"206":1,"207":0,"208":0,"209":0,"210":1,"211":1,"212":1,"213":1,"214":1,"215":1,"216":1,"217":1,"218":1,"219":1,"220":1,"221":1,"222":1,"223":1,"224":1,"225":1,"226":1},"f":{"0":1,"1":6,"2":1,"3":1,"4":0,"5":0,"6":0,"7":0,"8":0,"9":0,"10":0,"11":0,"12":0,"13":0,"14":0,"15":0,"16":0,"17":0,"18":0,"19":0,"20":0,"21":0,"22":0,"23":0,"24":0,"25":0,"26":0,"27":0,"28":0,"29":0,"30":0,"31":0},"b":{"0":[1,0],"1":[0,0],"2":[0,0],"3":[0,0],"4":[0,0],"5":[0,0],"6":[0,0],"7":[0,0],"8":[0,0],"9":[0,0],"10":[0,0],"11":[0,0],"12":[0,0],"13":[0,0],"14":[0,0],"15":[0,0],"16":[0,0],"17":[0,0],"18":[0,0],"19":[0,0],"20":[0,0],"21":[0,0],"22":[0,0],"23":[0,0],"24":[0,0],"25":[0,0],"26":[0,0]}}
,"/Users/smohite/graph-viz/packages/core/src/Labels.ts": {"path":"/Users/smohite/graph-viz/packages/core/src/Labels.ts","statementMap":{"0":{"start":{"line":1,"column":0},"end":{"line":1,"column":30}},"1":{"start":{"line":4,"column":0},"end":{"line":4,"column":60}},"2":{"start":{"line":5,"column":0},"end":{"line":5,"column":29}},"3":{"start":{"line":13,"column":36},"end":{"line":13,"column":null}},"4":{"start":{"line":14,"column":17},"end":{"line":14,"column":49}},"5":{"start":{"line":15,"column":18},"end":{"line":15,"column":42}},"6":{"start":{"line":19,"column":21},"end":{"line":19,"column":61}},"7":{"start":{"line":20,"column":19},"end":{"line":20,"column":20}},"8":{"start":{"line":22,"column":19},"end":{"line":22,"column":33}},"9":{"start":{"line":24,"column":7},"end":{"line":24,"column":78}},"10":{"start":{"line":27,"column":2},"end":{"line":27,"column":null}},"11":{"start":{"line":28,"column":20},"end":{"line":28,"column":75}},"12":{"start":{"line":29,"column":21},"end":{"line":29,"column":35}},"13":{"start":{"line":31,"column":2},"end":{"line":31,"column":null}},"14":{"start":{"line":32,"column":2},"end":{"line":32,"column":null}},"15":{"start":{"line":35,"column":2},"end":{"line":35,"column":null}},"16":{"start":{"line":36,"column":2},"end":{"line":36,"column":null}},"17":{"start":{"line":37,"column":2},"end":{"line":37,"column":28}},"18":{"start":{"line":38,"column":24},"end":{"line":38,"column":25}},"19":{"start":{"line":39,"column":2},"end":{"line":43,"column":null}},"20":{"start":{"line":45,"column":18},"end":{"line":45,"column":43}},"21":{"start":{"line":46,"column":2},"end":{"line":46,"column":null}},"22":{"start":{"line":48,"column":2},"end":{"line":57,"column":null}},"23":{"start":{"line":72,"column":29},"end":{"line":76,"column":null}},"24":{"start":{"line":78,"column":2},"end":{"line":96,"column":null}},"25":{"start":{"line":103,"column":19},"end":{"line":103,"column":56}},"26":{"start":{"line":104,"column":20},"end":{"line":104,"column":61}},"27":{"start":{"line":108,"column":2},"end":{"line":108,"column":null}},"28":{"start":{"line":111,"column":2},"end":{"line":111,"column":null}},"29":{"start":{"line":112,"column":2},"end":{"line":112,"column":null}},"30":{"start":{"line":116,"column":17},"end":{"line":116,"column":38}},"31":{"start":{"line":117,"column":17},"end":{"line":117,"column":38}},"32":{"start":{"line":118,"column":2},"end":{"line":118,"column":null}},"33":{"start":{"line":119,"column":2},"end":{"line":119,"column":null}},"34":{"start":{"line":120,"column":2},"end":{"line":120,"column":null}},"35":{"start":{"line":121,"column":2},"end":{"line":121,"column":null}},"36":{"start":{"line":124,"column":0},"end":{"line":124,"column":13}},"37":{"start":{"line":131,"column":4},"end":{"line":131,"column":null}},"38":{"start":{"line":133,"column":4},"end":{"line":133,"column":null}},"39":{"start":{"line":134,"column":4},"end":{"line":134,"column":null}},"40":{"start":{"line":135,"column":4},"end":{"line":135,"column":null}},"41":{"start":{"line":138,"column":10},"end":{"line":146,"column":null}},"42":{"start":{"line":138,"column":35},"end":{"line":138,"column":null}},"43":{"start":{"line":139,"column":18},"end":{"line":139,"column":37}},"44":{"start":{"line":140,"column":4},"end":{"line":142,"column":null}},"45":{"start":{"line":141,"column":6},"end":{"line":141,"column":null}},"46":{"start":{"line":143,"column":4},"end":{"line":143,"column":null}},"47":{"start":{"line":145,"column":4},"end":{"line":145,"column":null}},"48":{"start":{"line":148,"column":9},"end":{"line":212,"column":null}},"49":{"start":{"line":148,"column":2},"end":{"line":148,"column":9}},"50":{"start":{"line":150,"column":4},"end":{"line":150,"column":47}},"51":{"start":{"line":152,"column":4},"end":{"line":211,"column":null}},"52":{"start":{"line":153,"column":6},"end":{"line":155,"column":null}},"53":{"start":{"line":154,"column":8},"end":{"line":154,"column":14}},"54":{"start":{"line":157,"column":17},"end":{"line":157,"column":35}},"55":{"start":{"line":159,"column":6},"end":{"line":162,"column":null}},"56":{"start":{"line":160,"column":8},"end":{"line":160,"column":null}},"57":{"start":{"line":161,"column":8},"end":{"line":161,"column":null}},"58":{"start":{"line":164,"column":6},"end":{"line":164,"column":null}},"59":{"start":{"line":167,"column":6},"end":{"line":167,"column":null}},"60":{"start":{"line":168,"column":6},"end":{"line":168,"column":null}},"61":{"start":{"line":170,"column":17},"end":{"line":170,"column":46}},"62":{"start":{"line":171,"column":17},"end":{"line":171,"column":46}},"63":{"start":{"line":174,"column":6},"end":{"line":174,"column":null}},"64":{"start":{"line":177,"column":6},"end":{"line":179,"column":null}},"65":{"start":{"line":178,"column":8},"end":{"line":178,"column":null}},"66":{"start":{"line":180,"column":6},"end":{"line":182,"column":null}},"67":{"start":{"line":181,"column":8},"end":{"line":181,"column":null}},"68":{"start":{"line":184,"column":6},"end":{"line":184,"column":null}},"69":{"start":{"line":190,"column":25},"end":{"line":190,"column":53}},"70":{"start":{"line":193,"column":8},"end":{"line":193,"column":78}},"71":{"start":{"line":195,"column":8},"end":{"line":195,"column":78}},"72":{"start":{"line":196,"column":27},"end":{"line":196,"column":54}},"73":{"start":{"line":198,"column":25},"end":{"line":198,"column":63}},"74":{"start":{"line":201,"column":25},"end":{"line":201,"column":45}},"75":{"start":{"line":202,"column":30},"end":{"line":202,"column":44}},"76":{"start":{"line":203,"column":27},"end":{"line":203,"column":79}},"77":{"start":{"line":204,"column":6},"end":{"line":204,"column":null}},"78":{"start":{"line":205,"column":6},"end":{"line":205,"column":null}},"79":{"start":{"line":208,"column":33},"end":{"line":208,"column":34}},"80":{"start":{"line":210,"column":6},"end":{"line":210,"column":null}},"81":{"start":{"line":214,"column":9},"end":{"line":224,"column":null}},"82":{"start":{"line":215,"column":4},"end":{"line":219,"column":null}},"83":{"start":{"line":216,"column":6},"end":{"line":216,"column":null}},"84":{"start":{"line":217,"column":23},"end":{"line":217,"column":60}},"85":{"start":{"line":218,"column":6},"end":{"line":218,"column":null}},"86":{"start":{"line":221,"column":4},"end":{"line":223,"column":null}},"87":{"start":{"line":222,"column":6},"end":{"line":222,"column":null}},"88":{"start":{"line":225,"column":0},"end":{"line":225,"column":null}},"89":{"start":{"line":124,"column":13},"end":{"line":124,"column":19}}},"fnMap":{"0":{"name":"buildTexture","decl":{"start":{"line":13,"column":9},"end":{"line":13,"column":21}},"loc":{"start":{"line":13,"column":58},"end":{"line":58,"column":1}}},"1":{"name":"buildMaterial","decl":{"start":{"line":66,"column":9},"end":{"line":66,"column":22}},"loc":{"start":{"line":66,"column":22},"end":{"line":97,"column":1}}},"2":{"name":"setMeshTexture","decl":{"start":{"line":99,"column":9},"end":{"line":99,"column":23}},"loc":{"start":{"line":99,"column":62},"end":{"line":122,"column":1}}},"3":{"name":"(anonymous_3)","decl":{"start":{"line":124,"column":0},"end":{"line":124,"column":13}},"loc":{"start":{"line":124,"column":0},"end":{"line":225,"column":null}}},"4":{"name":"Labels","decl":{"start":{"line":130,"column":2},"end":{"line":130,"column":null}},"loc":{"start":{"line":130,"column":2},"end":{"line":136,"column":3}}},"5":{"name":"(anonymous_5)","decl":{"start":{"line":138,"column":2},"end":{"line":138,"column":10}},"loc":{"start":{"line":138,"column":57},"end":{"line":146,"column":3}}},"6":{"name":"(anonymous_6)","decl":{"start":{"line":148,"column":2},"end":{"line":148,"column":9}},"loc":{"start":{"line":148,"column":48},"end":{"line":212,"column":3}}},"7":{"name":"(anonymous_7)","decl":{"start":{"line":152,"column":18},"end":{"line":152,"column":19}},"loc":{"start":{"line":152,"column":30},"end":{"line":211,"column":5}}},"8":{"name":"(anonymous_8)","decl":{"start":{"line":214,"column":2},"end":{"line":214,"column":9}},"loc":{"start":{"line":214,"column":2},"end":{"line":224,"column":3}}},"9":{"name":"(anonymous_9)","decl":{"start":{"line":215,"column":32},"end":{"line":215,"column":36}},"loc":{"start":{"line":215,"column":36},"end":{"line":219,"column":5}}},"10":{"name":"(anonymous_10)","decl":{"start":{"line":221,"column":34},"end":{"line":221,"column":35}},"loc":{"start":{"line":221,"column":49},"end":{"line":223,"column":5}}}},"branchMap":{"0":{"loc":{"start":{"line":13,"column":36},"end":{"line":13,"column":null}},"type":"if","locations":[{"start":{"line":13,"column":36},"end":{"line":13,"column":null}},{"start":{"line":13,"column":36},"end":{"line":13,"column":null}}]},"1":{"loc":{"start":{"line":138,"column":35},"end":{"line":138,"column":null}},"type":"if","locations":[{"start":{"line":138,"column":35},"end":{"line":138,"column":null}},{"start":{"line":138,"column":35},"end":{"line":138,"column":null}}]},"2":{"loc":{"start":{"line":140,"column":4},"end":{"line":142,"column":null}},"type":"if","locations":[{"start":{"line":140,"column":4},"end":{"line":142,"column":null}},{"start":{"line":140,"column":4},"end":{"line":142,"column":null}}]},"3":{"loc":{"start":{"line":153,"column":6},"end":{"line":155,"column":null}},"type":"if","locations":[{"start":{"line":153,"column":6},"end":{"line":155,"column":null}},{"start":{"line":153,"column":6},"end":{"line":155,"column":null}}]},"4":{"loc":{"start":{"line":159,"column":6},"end":{"line":162,"column":null}},"type":"if","locations":[{"start":{"line":159,"column":6},"end":{"line":162,"column":null}},{"start":{"line":159,"column":6},"end":{"line":162,"column":null}}]},"5":{"loc":{"start":{"line":177,"column":6},"end":{"line":179,"column":null}},"type":"if","locations":[{"start":{"line":177,"column":6},"end":{"line":179,"column":null}},{"start":{"line":177,"column":6},"end":{"line":179,"column":null}}]},"6":{"loc":{"start":{"line":180,"column":6},"end":{"line":182,"column":null}},"type":"if","locations":[{"start":{"line":180,"column":6},"end":{"line":182,"column":null}},{"start":{"line":180,"column":6},"end":{"line":182,"column":null}}]},"7":{"loc":{"start":{"line":193,"column":9},"end":{"line":193,"column":33}},"type":"binary-expr","locations":[{"start":{"line":193,"column":9},"end":{"line":193,"column":33}},{"start":{"line":193,"column":37},"end":{"line":193,"column":73}}]},"8":{"loc":{"start":{"line":195,"column":9},"end":{"line":195,"column":33}},"type":"binary-expr","locations":[{"start":{"line":195,"column":9},"end":{"line":195,"column":33}},{"start":{"line":195,"column":37},"end":{"line":195,"column":73}}]},"9":{"loc":{"start":{"line":201,"column":25},"end":{"line":201,"column":40}},"type":"binary-expr","locations":[{"start":{"line":201,"column":25},"end":{"line":201,"column":40}},{"start":{"line":201,"column":44},"end":{"line":201,"column":45}}]}},"s":{"0":1,"1":1,"2":1,"3":0,"4":0,"5":0,"6":0,"7":0,"8":0,"9":0,"10":0,"11":0,"12":0,"13":0,"14":0,"15":0,"16":0,"17":0,"18":0,"19":0,"20":0,"21":0,"22":0,"23":0,"24":0,"25":0,"26":0,"27":0,"28":0,"29":0,"30":0,"31":0,"32":0,"33":0,"34":0,"35":0,"36":1,"37":0,"38":0,"39":0,"40":0,"41":1,"42":0,"43":0,"44":0,"45":0,"46":0,"47":0,"48":1,"49":0,"50":0,"51":0,"52":0,"53":0,"54":0,"55":0,"56":0,"57":0,"58":0,"59":0,"60":0,"61":0,"62":0,"63":0,"64":0,"65":0,"66":0,"67":0,"68":0,"69":0,"70":0,"71":0,"72":0,"73":0,"74":0,"75":0,"76":0,"77":0,"78":0,"79":0,"80":0,"81":1,"82":0,"83":0,"84":0,"85":0,"86":0,"87":0,"88":1,"89":1},"f":{"0":0,"1":0,"2":0,"3":1,"4":0,"5":0,"6":0,"7":0,"8":0,"9":0,"10":0},"b":{"0":[0,0],"1":[0,0],"2":[0,0],"3":[0,0],"4":[0,0],"5":[0,0],"6":[0,0],"7":[0,0],"8":[0,0],"9":[0,0]}}
,"/Users/smohite/graph-viz/packages/core/src/Links.ts": {"path":"/Users/smohite/graph-viz/packages/core/src/Links.ts","statementMap":{"0":{"start":{"line":1,"column":0},"end":{"line":1,"column":30}},"1":{"start":{"line":3,"column":0},"end":{"line":3,"column":null}},"2":{"start":{"line":9,"column":0},"end":{"line":9,"column":32}},"3":{"start":{"line":10,"column":0},"end":{"line":10,"column":31}},"4":{"start":{"line":11,"column":0},"end":{"line":11,"column":null}},"5":{"start":{"line":16,"column":26},"end":{"line":16,"column":27}},"6":{"start":{"line":21,"column":13},"end":{"line":21,"column":null}},"7":{"start":{"line":22,"column":13},"end":{"line":22,"column":null}},"8":{"start":{"line":23,"column":13},"end":{"line":23,"column":null}},"9":{"start":{"line":24,"column":13},"end":{"line":24,"column":null}},"10":{"start":{"line":25,"column":13},"end":{"line":25,"column":null}},"11":{"start":{"line":74,"column":2},"end":{"line":78,"column":null}},"12":{"start":{"line":74,"column":37},"end":{"line":78,"column":5}},"13":{"start":{"line":70,"column":0},"end":{"line":70,"column":16}},"14":{"start":{"line":81,"column":37},"end":{"line":90,"column":1}},"15":{"start":{"line":82,"column":26},"end":{"line":82,"column":30}},"16":{"start":{"line":84,"column":4},"end":{"line":85,"column":41}},"17":{"start":{"line":87,"column":4},"end":{"line":88,"column":52}},"18":{"start":{"line":89,"column":2},"end":{"line":89,"column":null}},"19":{"start":{"line":92,"column":0},"end":{"line":92,"column":13}},"20":{"start":{"line":100,"column":2},"end":{"line":100,"column":14}},"21":{"start":{"line":154,"column":9},"end":{"line":157,"column":null}},"22":{"start":{"line":155,"column":4},"end":{"line":155,"column":null}},"23":{"start":{"line":156,"column":4},"end":{"line":156,"column":null}},"24":{"start":{"line":159,"column":9},"end":{"line":163,"column":null}},"25":{"start":{"line":160,"column":4},"end":{"line":160,"column":null}},"26":{"start":{"line":161,"column":4},"end":{"line":161,"column":null}},"27":{"start":{"line":162,"column":4},"end":{"line":162,"column":null}},"28":{"start":{"line":169,"column":9},"end":{"line":173,"column":null}},"29":{"start":{"line":170,"column":4},"end":{"line":170,"column":null}},"30":{"start":{"line":171,"column":4},"end":{"line":171,"column":null}},"31":{"start":{"line":172,"column":4},"end":{"line":172,"column":null}},"32":{"start":{"line":179,"column":9},"end":{"line":319,"column":null}},"33":{"start":{"line":180,"column":21},"end":{"line":181,"column":null}},"34":{"start":{"line":183,"column":15},"end":{"line":183,"column":72}},"35":{"start":{"line":184,"column":23},"end":{"line":185,"column":null}},"36":{"start":{"line":187,"column":23},"end":{"line":188,"column":null}},"37":{"start":{"line":190,"column":24},"end":{"line":191,"column":null}},"38":{"start":{"line":193,"column":20},"end":{"line":194,"column":null}},"39":{"start":{"line":197,"column":21},"end":{"line":197,"column":33}},"40":{"start":{"line":198,"column":24},"end":{"line":198,"column":52}},"41":{"start":{"line":200,"column":4},"end":{"line":202,"column":null}},"42":{"start":{"line":201,"column":6},"end":{"line":201,"column":null}},"43":{"start":{"line":204,"column":4},"end":{"line":206,"column":null}},"44":{"start":{"line":205,"column":6},"end":{"line":205,"column":null}},"45":{"start":{"line":208,"column":4},"end":{"line":210,"column":null}},"46":{"start":{"line":209,"column":6},"end":{"line":209,"column":null}},"47":{"start":{"line":212,"column":4},"end":{"line":214,"column":null}},"48":{"start":{"line":213,"column":6},"end":{"line":213,"column":null}},"49":{"start":{"line":216,"column":4},"end":{"line":218,"column":null}},"50":{"start":{"line":217,"column":6},"end":{"line":217,"column":null}},"51":{"start":{"line":220,"column":4},"end":{"line":222,"column":null}},"52":{"start":{"line":221,"column":6},"end":{"line":221,"column":null}},"53":{"start":{"line":224,"column":27},"end":{"line":224,"column":32}},"54":{"start":{"line":226,"column":19},"end":{"line":226,"column":38}},"55":{"start":{"line":227,"column":19},"end":{"line":227,"column":38}},"56":{"start":{"line":228,"column":20},"end":{"line":228,"column":39}},"57":{"start":{"line":229,"column":19},"end":{"line":229,"column":38}},"58":{"start":{"line":231,"column":4},"end":{"line":303,"column":null}},"59":{"start":{"line":231,"column":17},"end":{"line":231,"column":18}},"60":{"start":{"line":232,"column":6},"end":{"line":232,"column":null}},"61":{"start":{"line":233,"column":6},"end":{"line":233,"column":null}},"62":{"start":{"line":235,"column":6},"end":{"line":235,"column":null}},"63":{"start":{"line":237,"column":24},"end":{"line":242,"column":28}},"64":{"start":{"line":244,"column":6},"end":{"line":244,"column":40}},"65":{"start":{"line":245,"column":6},"end":{"line":245,"column":null}},"66":{"start":{"line":247,"column":26},"end":{"line":247,"column":42}},"67":{"start":{"line":250,"column":16},"end":{"line":250,"column":42}},"68":{"start":{"line":251,"column":16},"end":{"line":251,"column":42}},"69":{"start":{"line":252,"column":16},"end":{"line":252,"column":42}},"70":{"start":{"line":253,"column":16},"end":{"line":253,"column":42}},"71":{"start":{"line":257,"column":6},"end":{"line":257,"column":null}},"72":{"start":{"line":258,"column":6},"end":{"line":258,"column":null}},"73":{"start":{"line":259,"column":6},"end":{"line":259,"column":null}},"74":{"start":{"line":261,"column":6},"end":{"line":261,"column":null}},"75":{"start":{"line":262,"column":6},"end":{"line":262,"column":null}},"76":{"start":{"line":263,"column":6},"end":{"line":263,"column":null}},"77":{"start":{"line":266,"column":6},"end":{"line":266,"column":null}},"78":{"start":{"line":267,"column":6},"end":{"line":267,"column":null}},"79":{"start":{"line":268,"column":6},"end":{"line":268,"column":null}},"80":{"start":{"line":270,"column":6},"end":{"line":270,"column":null}},"81":{"start":{"line":271,"column":6},"end":{"line":271,"column":null}},"82":{"start":{"line":272,"column":6},"end":{"line":272,"column":null}},"83":{"start":{"line":275,"column":6},"end":{"line":298,"column":null}},"84":{"start":{"line":276,"column":26},"end":{"line":276,"column":47}},"85":{"start":{"line":280,"column":8},"end":{"line":280,"column":null}},"86":{"start":{"line":282,"column":8},"end":{"line":291,"column":null}},"87":{"start":{"line":283,"column":10},"end":{"line":286,"column":null}},"88":{"start":{"line":287,"column":10},"end":{"line":287,"column":null}},"89":{"start":{"line":289,"column":10},"end":{"line":289,"column":null}},"90":{"start":{"line":290,"column":10},"end":{"line":290,"column":null}},"91":{"start":{"line":293,"column":8},"end":{"line":297,"column":null}},"92":{"start":{"line":294,"column":10},"end":{"line":294,"column":null}},"93":{"start":{"line":296,"column":10},"end":{"line":296,"column":null}},"94":{"start":{"line":300,"column":6},"end":{"line":302,"column":null}},"95":{"start":{"line":301,"column":8},"end":{"line":301,"column":null}},"96":{"start":{"line":305,"column":4},"end":{"line":309,"column":null}},"97":{"start":{"line":308,"column":6},"end":{"line":308,"column":null}},"98":{"start":{"line":311,"column":4},"end":{"line":311,"column":null}},"99":{"start":{"line":312,"column":4},"end":{"line":312,"column":null}},"100":{"start":{"line":313,"column":4},"end":{"line":313,"column":null}},"101":{"start":{"line":314,"column":4},"end":{"line":314,"column":null}},"102":{"start":{"line":315,"column":4},"end":{"line":315,"column":null}},"103":{"start":{"line":316,"column":4},"end":{"line":316,"column":null}},"104":{"start":{"line":318,"column":4},"end":{"line":318,"column":null}},"105":{"start":{"line":325,"column":9},"end":{"line":351,"column":null}},"106":{"start":{"line":326,"column":18},"end":{"line":326,"column":78}},"107":{"start":{"line":328,"column":21},"end":{"line":328,"column":33}},"108":{"start":{"line":329,"column":24},"end":{"line":329,"column":52}},"109":{"start":{"line":331,"column":4},"end":{"line":333,"column":null}},"110":{"start":{"line":332,"column":6},"end":{"line":332,"column":null}},"111":{"start":{"line":335,"column":21},"end":{"line":335,"column":38}},"112":{"start":{"line":337,"column":4},"end":{"line":348,"column":null}},"113":{"start":{"line":337,"column":17},"end":{"line":337,"column":18}},"114":{"start":{"line":338,"column":26},"end":{"line":338,"column":34}},"115":{"start":{"line":339,"column":6},"end":{"line":339,"column":null}},"116":{"start":{"line":341,"column":6},"end":{"line":347,"column":null}},"117":{"start":{"line":342,"column":26},"end":{"line":342,"column":47}},"118":{"start":{"line":346,"column":8},"end":{"line":346,"column":null}},"119":{"start":{"line":350,"column":4},"end":{"line":350,"column":null}},"120":{"start":{"line":356,"column":9},"end":{"line":358,"column":null}},"121":{"start":{"line":357,"column":4},"end":{"line":357,"column":null}},"122":{"start":{"line":101,"column":21},"end":{"line":101,"column":33}},"123":{"start":{"line":102,"column":24},"end":{"line":102,"column":52}},"124":{"start":{"line":104,"column":4},"end":{"line":104,"column":null}},"125":{"start":{"line":105,"column":4},"end":{"line":108,"column":null}},"126":{"start":{"line":109,"column":4},"end":{"line":112,"column":null}},"127":{"start":{"line":113,"column":4},"end":{"line":116,"column":null}},"128":{"start":{"line":117,"column":4},"end":{"line":120,"column":null}},"129":{"start":{"line":121,"column":4},"end":{"line":124,"column":null}},"130":{"start":{"line":125,"column":4},"end":{"line":128,"column":null}},"131":{"start":{"line":129,"column":4},"end":{"line":132,"column":null}},"132":{"start":{"line":134,"column":4},"end":{"line":142,"column":null}},"133":{"start":{"line":144,"column":4},"end":{"line":144,"column":null}},"134":{"start":{"line":145,"column":4},"end":{"line":145,"column":null}},"135":{"start":{"line":147,"column":4},"end":{"line":147,"column":null}},"136":{"start":{"line":148,"column":4},"end":{"line":148,"column":38}},"137":{"start":{"line":149,"column":4},"end":{"line":149,"column":null}},"138":{"start":{"line":151,"column":4},"end":{"line":151,"column":null}},"139":{"start":{"line":359,"column":0},"end":{"line":359,"column":null}},"140":{"start":{"line":92,"column":13},"end":{"line":92,"column":18}}},"fnMap":{"0":{"name":"populateLinks","decl":{"start":{"line":70,"column":16},"end":{"line":70,"column":29}},"loc":{"start":{"line":72,"column":40},"end":{"line":79,"column":1}}},"1":{"name":"(anonymous_3)","decl":{"start":{"line":74,"column":29},"end":{"line":74,"column":33}},"loc":{"start":{"line":74,"column":33},"end":{"line":74,"column":null}}},"2":{"name":"(anonymous_4)","decl":{"start":{"line":81,"column":37},"end":{"line":81,"column":38}},"loc":{"start":{"line":81,"column":64},"end":{"line":90,"column":1}}},"3":{"name":"(anonymous_5)","decl":{"start":{"line":92,"column":0},"end":{"line":92,"column":13}},"loc":{"start":{"line":92,"column":0},"end":{"line":359,"column":null}}},"4":{"name":"Links","decl":{"start":{"line":100,"column":2},"end":{"line":100,"column":14}},"loc":{"start":{"line":100,"column":43},"end":{"line":152,"column":3}}},"5":{"name":"(anonymous_7)","decl":{"start":{"line":154,"column":28},"end":{"line":154,"column":29}},"loc":{"start":{"line":154,"column":41},"end":{"line":157,"column":3}}},"6":{"name":"(anonymous_8)","decl":{"start":{"line":159,"column":19},"end":{"line":159,"column":null}},"loc":{"start":{"line":159,"column":19},"end":{"line":163,"column":3}}},"7":{"name":"(anonymous_9)","decl":{"start":{"line":169,"column":21},"end":{"line":169,"column":22}},"loc":{"start":{"line":169,"column":51},"end":{"line":173,"column":3}}},"8":{"name":"(anonymous_10)","decl":{"start":{"line":179,"column":30},"end":{"line":179,"column":31}},"loc":{"start":{"line":179,"column":60},"end":{"line":319,"column":3}}},"9":{"name":"(anonymous_11)","decl":{"start":{"line":325,"column":27},"end":{"line":325,"column":28}},"loc":{"start":{"line":325,"column":57},"end":{"line":351,"column":3}}},"10":{"name":"(anonymous_12)","decl":{"start":{"line":356,"column":27},"end":{"line":356,"column":28}},"loc":{"start":{"line":356,"column":57},"end":{"line":358,"column":3}}}},"branchMap":{"0":{"loc":{"start":{"line":155,"column":60},"end":{"line":155,"column":63}},"type":"cond-expr","locations":[{"start":{"line":155,"column":60},"end":{"line":155,"column":63}},{"start":{"line":155,"column":66},"end":{"line":155,"column":70}}]},"1":{"loc":{"start":{"line":200,"column":4},"end":{"line":202,"column":null}},"type":"if","locations":[{"start":{"line":200,"column":4},"end":{"line":202,"column":null}},{"start":{"line":200,"column":4},"end":{"line":202,"column":null}}]},"2":{"loc":{"start":{"line":204,"column":4},"end":{"line":206,"column":null}},"type":"if","locations":[{"start":{"line":204,"column":4},"end":{"line":206,"column":null}},{"start":{"line":204,"column":4},"end":{"line":206,"column":null}}]},"3":{"loc":{"start":{"line":208,"column":4},"end":{"line":210,"column":null}},"type":"if","locations":[{"start":{"line":208,"column":4},"end":{"line":210,"column":null}},{"start":{"line":208,"column":4},"end":{"line":210,"column":null}}]},"4":{"loc":{"start":{"line":212,"column":4},"end":{"line":214,"column":null}},"type":"if","locations":[{"start":{"line":212,"column":4},"end":{"line":214,"column":null}},{"start":{"line":212,"column":4},"end":{"line":214,"column":null}}]},"5":{"loc":{"start":{"line":216,"column":4},"end":{"line":218,"column":null}},"type":"if","locations":[{"start":{"line":216,"column":4},"end":{"line":218,"column":null}},{"start":{"line":216,"column":4},"end":{"line":218,"column":null}}]},"6":{"loc":{"start":{"line":220,"column":4},"end":{"line":222,"column":null}},"type":"if","locations":[{"start":{"line":220,"column":4},"end":{"line":222,"column":null}},{"start":{"line":220,"column":4},"end":{"line":222,"column":null}}]},"7":{"loc":{"start":{"line":238,"column":10},"end":{"line":240,"column":null}},"type":"cond-expr","locations":[{"start":{"line":238,"column":10},"end":{"line":240,"column":null}},{"start":{"line":242,"column":10},"end":{"line":242,"column":28}}]},"8":{"loc":{"start":{"line":240,"column":12},"end":{"line":240,"column":31}},"type":"binary-expr","locations":[{"start":{"line":240,"column":12},"end":{"line":240,"column":31}},{"start":{"line":240,"column":35},"end":{"line":240,"column":54}}]},"9":{"loc":{"start":{"line":282,"column":8},"end":{"line":291,"column":null}},"type":"if","locations":[{"start":{"line":282,"column":8},"end":{"line":291,"column":null}},{"start":{"line":282,"column":8},"end":{"line":291,"column":null}}]},"10":{"loc":{"start":{"line":285,"column":12},"end":{"line":285,"column":31}},"type":"binary-expr","locations":[{"start":{"line":285,"column":12},"end":{"line":285,"column":31}},{"start":{"line":285,"column":35},"end":{"line":285,"column":54}}]},"11":{"loc":{"start":{"line":293,"column":8},"end":{"line":297,"column":null}},"type":"if","locations":[{"start":{"line":293,"column":8},"end":{"line":297,"column":null}},{"start":{"line":293,"column":8},"end":{"line":297,"column":null}}]},"12":{"loc":{"start":{"line":300,"column":6},"end":{"line":302,"column":null}},"type":"if","locations":[{"start":{"line":300,"column":6},"end":{"line":302,"column":null}},{"start":{"line":300,"column":6},"end":{"line":302,"column":null}}]},"13":{"loc":{"start":{"line":305,"column":4},"end":{"line":309,"column":null}},"type":"if","locations":[{"start":{"line":305,"column":4},"end":{"line":309,"column":null}},{"start":{"line":305,"column":4},"end":{"line":309,"column":null}}]},"14":{"loc":{"start":{"line":331,"column":4},"end":{"line":333,"column":null}},"type":"if","locations":[{"start":{"line":331,"column":4},"end":{"line":333,"column":null}},{"start":{"line":331,"column":4},"end":{"line":333,"column":null}}]}},"s":{"0":1,"1":1,"2":1,"3":1,"4":1,"5":1,"6":1,"7":1,"8":1,"9":1,"10":1,"11":0,"12":0,"13":1,"14":1,"15":0,"16":0,"17":0,"18":0,"19":1,"20":0,"21":0,"22":0,"23":0,"24":0,"25":0,"26":0,"27":0,"28":0,"29":0,"30":0,"31":0,"32":0,"33":0,"34":0,"35":0,"36":0,"37":0,"38":0,"39":0,"40":0,"41":0,"42":0,"43":0,"44":0,"45":0,"46":0,"47":0,"48":0,"49":0,"50":0,"51":0,"52":0,"53":0,"54":0,"55":0,"56":0,"57":0,"58":0,"59":0,"60":0,"61":0,"62":0,"63":0,"64":0,"65":0,"66":0,"67":0,"68":0,"69":0,"70":0,"71":0,"72":0,"73":0,"74":0,"75":0,"76":0,"77":0,"78":0,"79":0,"80":0,"81":0,"82":0,"83":0,"84":0,"85":0,"86":0,"87":0,"88":0,"89":0,"90":0,"91":0,"92":0,"93":0,"94":0,"95":0,"96":0,"97":0,"98":0,"99":0,"100":0,"101":0,"102":0,"103":0,"104":0,"105":0,"106":0,"107":0,"108":0,"109":0,"110":0,"111":0,"112":0,"113":0,"114":0,"115":0,"116":0,"117":0,"118":0,"119":0,"120":0,"121":0,"122":0,"123":0,"124":0,"125":0,"126":0,"127":0,"128":0,"129":0,"130":0,"131":0,"132":0,"133":0,"134":0,"135":0,"136":0,"137":0,"138":0,"139":1,"140":1},"f":{"0":0,"1":0,"2":0,"3":1,"4":0,"5":0,"6":0,"7":0,"8":0,"9":0,"10":0},"b":{"0":[0,0],"1":[0,0],"2":[0,0],"3":[0,0],"4":[0,0],"5":[0,0],"6":[0,0],"7":[0,0],"8":[0,0],"9":[0,0],"10":[0,0],"11":[0,0],"12":[0,0],"13":[0,0],"14":[0,0]}}
,"/Users/smohite/graph-viz/packages/core/src/MouseInteraction.ts": {"path":"/Users/smohite/graph-viz/packages/core/src/MouseInteraction.ts","statementMap":{"0":{"start":{"line":1,"column":0},"end":{"line":1,"column":41}},"1":{"start":{"line":2,"column":0},"end":{"line":2,"column":30}},"2":{"start":{"line":5,"column":27},"end":{"line":5,"column":30}},"3":{"start":{"line":61,"column":0},"end":{"line":61,"column":13}},"4":{"start":{"line":97,"column":2},"end":{"line":97,"column":null}},"5":{"start":{"line":66,"column":10},"end":{"line":86,"column":null}},"6":{"start":{"line":167,"column":10},"end":{"line":208,"column":null}},"7":{"start":{"line":168,"column":17},"end":{"line":168,"column":52}},"8":{"start":{"line":170,"column":4},"end":{"line":176,"column":null}},"9":{"start":{"line":177,"column":4},"end":{"line":183,"column":null}},"10":{"start":{"line":185,"column":4},"end":{"line":185,"column":null}},"11":{"start":{"line":186,"column":23},"end":{"line":188,"column":null}},"12":{"start":{"line":190,"column":23},"end":{"line":190,"column":27}},"13":{"start":{"line":191,"column":4},"end":{"line":206,"column":null}},"14":{"start":{"line":192,"column":37},"end":{"line":197,"column":null}},"15":{"start":{"line":197,"column":17},"end":{"line":197,"column":null}},"16":{"start":{"line":200,"column":6},"end":{"line":205,"column":null}},"17":{"start":{"line":204,"column":8},"end":{"line":204,"column":null}},"18":{"start":{"line":207,"column":4},"end":{"line":207,"column":null}},"19":{"start":{"line":210,"column":10},"end":{"line":225,"column":null}},"20":{"start":{"line":211,"column":4},"end":{"line":211,"column":null}},"21":{"start":{"line":212,"column":4},"end":{"line":212,"column":null}},"22":{"start":{"line":213,"column":4},"end":{"line":213,"column":null}},"23":{"start":{"line":214,"column":4},"end":{"line":214,"column":null}},"24":{"start":{"line":216,"column":4},"end":{"line":218,"column":null}},"25":{"start":{"line":217,"column":6},"end":{"line":217,"column":null}},"26":{"start":{"line":220,"column":4},"end":{"line":220,"column":null}},"27":{"start":{"line":221,"column":4},"end":{"line":224,"column":null}},"28":{"start":{"line":227,"column":10},"end":{"line":238,"column":null}},"29":{"start":{"line":228,"column":4},"end":{"line":228,"column":null}},"30":{"start":{"line":229,"column":4},"end":{"line":229,"column":null}},"31":{"start":{"line":230,"column":23},"end":{"line":230,"column":51}},"32":{"start":{"line":232,"column":4},"end":{"line":232,"column":null}},"33":{"start":{"line":233,"column":4},"end":{"line":233,"column":null}},"34":{"start":{"line":235,"column":4},"end":{"line":237,"column":null}},"35":{"start":{"line":236,"column":6},"end":{"line":236,"column":null}},"36":{"start":{"line":241,"column":10},"end":{"line":279,"column":null}},"37":{"start":{"line":242,"column":4},"end":{"line":242,"column":null}},"38":{"start":{"line":243,"column":25},"end":{"line":243,"column":57}},"39":{"start":{"line":246,"column":4},"end":{"line":278,"column":null}},"40":{"start":{"line":248,"column":6},"end":{"line":263,"column":null}},"41":{"start":{"line":249,"column":8},"end":{"line":258,"column":null}},"42":{"start":{"line":251,"column":10},"end":{"line":251,"column":null}},"43":{"start":{"line":253,"column":10},"end":{"line":256,"column":null}},"44":{"start":{"line":255,"column":12},"end":{"line":255,"column":null}},"45":{"start":{"line":257,"column":10},"end":{"line":257,"column":null}},"46":{"start":{"line":259,"column":13},"end":{"line":263,"column":null}},"47":{"start":{"line":261,"column":8},"end":{"line":261,"column":null}},"48":{"start":{"line":262,"column":8},"end":{"line":262,"column":null}},"49":{"start":{"line":264,"column":11},"end":{"line":278,"column":null}},"50":{"start":{"line":266,"column":6},"end":{"line":269,"column":null}},"51":{"start":{"line":272,"column":6},"end":{"line":272,"column":null}},"52":{"start":{"line":273,"column":6},"end":{"line":273,"column":null}},"53":{"start":{"line":275,"column":6},"end":{"line":275,"column":null}},"54":{"start":{"line":277,"column":6},"end":{"line":277,"column":null}},"55":{"start":{"line":281,"column":10},"end":{"line":285,"column":null}},"56":{"start":{"line":282,"column":4},"end":{"line":282,"column":null}},"57":{"start":{"line":283,"column":4},"end":{"line":283,"column":null}},"58":{"start":{"line":284,"column":4},"end":{"line":284,"column":null}},"59":{"start":{"line":287,"column":10},"end":{"line":291,"column":null}},"60":{"start":{"line":288,"column":28},"end":{"line":288,"column":76}},"61":{"start":{"line":289,"column":4},"end":{"line":289,"column":null}},"62":{"start":{"line":290,"column":4},"end":{"line":290,"column":null}},"63":{"start":{"line":293,"column":10},"end":{"line":299,"column":null}},"64":{"start":{"line":294,"column":4},"end":{"line":294,"column":null}},"65":{"start":{"line":295,"column":4},"end":{"line":295,"column":null}},"66":{"start":{"line":296,"column":4},"end":{"line":296,"column":null}},"67":{"start":{"line":298,"column":4},"end":{"line":298,"column":null}},"68":{"start":{"line":103,"column":4},"end":{"line":103,"column":null}},"69":{"start":{"line":104,"column":4},"end":{"line":104,"column":null}},"70":{"start":{"line":105,"column":4},"end":{"line":105,"column":null}},"71":{"start":{"line":106,"column":4},"end":{"line":106,"column":null}},"72":{"start":{"line":108,"column":4},"end":{"line":108,"column":null}},"73":{"start":{"line":109,"column":4},"end":{"line":109,"column":null}},"74":{"start":{"line":110,"column":4},"end":{"line":110,"column":null}},"75":{"start":{"line":112,"column":4},"end":{"line":112,"column":null}},"76":{"start":{"line":113,"column":4},"end":{"line":113,"column":null}},"77":{"start":{"line":114,"column":4},"end":{"line":114,"column":null}},"78":{"start":{"line":116,"column":4},"end":{"line":116,"column":41}},"79":{"start":{"line":117,"column":4},"end":{"line":117,"column":null}},"80":{"start":{"line":118,"column":4},"end":{"line":118,"column":null}},"81":{"start":{"line":120,"column":4},"end":{"line":120,"column":null}},"82":{"start":{"line":121,"column":4},"end":{"line":121,"column":null}},"83":{"start":{"line":122,"column":4},"end":{"line":122,"column":null}},"84":{"start":{"line":123,"column":4},"end":{"line":123,"column":null}},"85":{"start":{"line":124,"column":4},"end":{"line":124,"column":null}},"86":{"start":{"line":127,"column":9},"end":{"line":129,"column":null}},"87":{"start":{"line":128,"column":4},"end":{"line":128,"column":null}},"88":{"start":{"line":131,"column":9},"end":{"line":133,"column":null}},"89":{"start":{"line":132,"column":4},"end":{"line":132,"column":null}},"90":{"start":{"line":135,"column":9},"end":{"line":137,"column":null}},"91":{"start":{"line":136,"column":4},"end":{"line":136,"column":null}},"92":{"start":{"line":139,"column":9},"end":{"line":141,"column":null}},"93":{"start":{"line":140,"column":4},"end":{"line":140,"column":null}},"94":{"start":{"line":143,"column":9},"end":{"line":145,"column":null}},"95":{"start":{"line":144,"column":4},"end":{"line":144,"column":null}},"96":{"start":{"line":147,"column":9},"end":{"line":149,"column":null}},"97":{"start":{"line":148,"column":4},"end":{"line":148,"column":null}},"98":{"start":{"line":151,"column":9},"end":{"line":153,"column":null}},"99":{"start":{"line":152,"column":4},"end":{"line":152,"column":null}},"100":{"start":{"line":155,"column":9},"end":{"line":157,"column":null}},"101":{"start":{"line":156,"column":4},"end":{"line":156,"column":null}},"102":{"start":{"line":159,"column":9},"end":{"line":161,"column":null}},"103":{"start":{"line":160,"column":4},"end":{"line":160,"column":null}},"104":{"start":{"line":163,"column":9},"end":{"line":165,"column":null}},"105":{"start":{"line":164,"column":4},"end":{"line":164,"column":null}},"106":{"start":{"line":300,"column":0},"end":{"line":300,"column":null}},"107":{"start":{"line":61,"column":13},"end":{"line":61,"column":29}}},"fnMap":{"0":{"name":"(anonymous_0)","decl":{"start":{"line":61,"column":0},"end":{"line":61,"column":13}},"loc":{"start":{"line":61,"column":0},"end":{"line":300,"column":null}}},"1":{"name":"MouseInteraction","decl":{"start":{"line":97,"column":2},"end":{"line":97,"column":null}},"loc":{"start":{"line":101,"column":28},"end":{"line":125,"column":3}}},"2":{"name":"(anonymous_2)","decl":{"start":{"line":167,"column":33},"end":{"line":167,"column":34}},"loc":{"start":{"line":167,"column":51},"end":{"line":208,"column":3}}},"3":{"name":"(anonymous_3)","decl":{"start":{"line":197,"column":8},"end":{"line":197,"column":13}},"loc":{"start":{"line":197,"column":13},"end":{"line":197,"column":18}}},"4":{"name":"(anonymous_4)","decl":{"start":{"line":210,"column":24},"end":{"line":210,"column":25}},"loc":{"start":{"line":210,"column":42},"end":{"line":225,"column":3}}},"5":{"name":"(anonymous_5)","decl":{"start":{"line":216,"column":15},"end":{"line":216,"column":null}},"loc":{"start":{"line":216,"column":15},"end":{"line":218,"column":5}}},"6":{"name":"(anonymous_6)","decl":{"start":{"line":227,"column":22},"end":{"line":227,"column":23}},"loc":{"start":{"line":227,"column":40},"end":{"line":238,"column":3}}},"7":{"name":"(anonymous_7)","decl":{"start":{"line":241,"column":24},"end":{"line":241,"column":25}},"loc":{"start":{"line":241,"column":42},"end":{"line":279,"column":3}}},"8":{"name":"(anonymous_8)","decl":{"start":
[...]
line":3,"column":0},"end":{"line":3,"column":29}},"3":{"start":{"line":16,"column":2},"end":{"line":18,"column":null}},"4":{"start":{"line":17,"column":4},"end":{"line":17,"column":null}},"5":{"start":{"line":19,"column":2},"end":{"line":19,"column":null}},"6":{"start":{"line":34,"column":2},"end":{"line":36,"column":null}},"7":{"start":{"line":35,"column":4},"end":{"line":35,"column":null}},"8":{"start":{"line":40,"column":23},"end":{"line":40,"column":51}},"9":{"start":{"line":43,"column":29},"end":{"line":43,"column":31}},"10":{"start":{"line":44,"column":2},"end":{"line":57,"column":null}},"11":{"start":{"line":44,"column":18},"end":{"line":44,"column":30}},"12":{"start":{"line":44,"column":14},"end":{"line":44,"column":18}},"13":{"start":{"line":45,"column":4},"end":{"line":55,"column":null}},"14":{"start":{"line":46,"column":16},"end":{"line":46,"column":47}},"15":{"start":{"line":47,"column":16},"end":{"line":47,"column":47}},"16":{"start":{"line":50,"column":6},"end":{"line":54,"column":null}},"17":{"start":{"line":51,"column":8},"end":{"line":51,"column":null}},"18":{"start":{"line":53,"column":8},"end":{"line":53,"column":13}},"19":{"start":{"line":56,"column":4},"end":{"line":56,"column":null}},"20":{"start":{"line":60,"column":29},"end":{"line":60,"column":31}},"21":{"start":{"line":61,"column":2},"end":{"line":74,"column":null}},"22":{"start":{"line":61,"column":15},"end":{"line":61,"column":38}},"23":{"start":{"line":62,"column":14},"end":{"line":62,"column":29}},"24":{"start":{"line":63,"column":4},"end":{"line":72,"column":null}},"25":{"start":{"line":64,"column":16},"end":{"line":64,"column":47}},"26":{"start":{"line":65,"column":16},"end":{"line":65,"column":47}},"27":{"start":{"line":67,"column":6},"end":{"line":71,"column":null}},"28":{"start":{"line":68,"column":8},"end":{"line":68,"column":null}},"29":{"start":{"line":70,"column":8},"end":{"line":70,"column":13}},"30":{"start":{"line":73,"column":4},"end":{"line":73,"column":null}},"31":{"start":{"line":77,"column":2},"end":{"line":77,"column":null}},"32":{"start":{"line":78,"column":2},"end":{"line":78,"column":null}},"33":{"start":{"line":80,"column":2},"end":{"line":80,"column":37}},"34":{"start":{"line":33,"column":0},"end":{"line":33,"column":16}},"35":{"start":{"line":96,"column":2},"end":{"line":96,"column":null}},"36":{"start":{"line":127,"column":2},"end":{"line":127,"column":null}},"37":{"start":{"line":129,"column":19},"end":{"line":129,"column":62}},"38":{"start":{"line":129,"column":34},"end":{"line":129,"column":62}},"39":{"start":{"line":131,"column":39},"end":{"line":131,"column":41}},"40":{"start":{"line":133,"column":25},"end":{"line":187,"column":4}},"41":{"start":{"line":135,"column":18},"end":{"line":135,"column":75}},"42":{"start":{"line":136,"column":18},"end":{"line":136,"column":75}},"43":{"start":{"line":138,"column":15},"end":{"line":138,"column":55}},"44":{"start":{"line":139,"column":15},"end":{"line":139,"column":55}},"45":{"start":{"line":141,"column":18},"end":{"line":141,"column":41}},"46":{"start":{"line":143,"column":22},"end":{"line":143,"column":31}},"47":{"start":{"line":144,"column":23},"end":{"line":144,"column":47}},"48":{"start":{"line":146,"column":18},"end":{"line":146,"column":51}},"49":{"start":{"line":149,"column":24},"end":{"line":153,"column":null}},"50":{"start":{"line":156,"column":27},"end":{"line":160,"column":null}},"51":{"start":{"line":163,"column":30},"end":{"line":167,"column":null}},"52":{"start":{"line":172,"column":6},"end":{"line":174,"column":18}},"53":{"start":{"line":176,"column":19},"end":{"line":176,"column":47}},"54":{"start":{"line":178,"column":23},"end":{"line":180,"column":null}},"55":{"start":{"line":182,"column":4},"end":{"line":182,"column":null}},"56":{"start":{"line":183,"column":4},"end":{"line":183,"column":null}},"57":{"start":{"line":184,"column":4},"end":{"line":184,"column":null}},"58":{"start":{"line":186,"column":4},"end":{"line":186,"column":null}},"59":{"start":{"line":189,"column":2},"end":{"line":207,"column":null}},"60":{"start":{"line":189,"column":15},"end":{"line":189,"column":16}},"61":{"start":{"line":190,"column":19},"end":{"line":190,"column":30}},"62":{"start":{"line":191,"column":14},"end":{"line":191,"column":31}},"63":{"start":{"line":193,"column":6},"end":{"line":195,"column":31}},"64":{"start":{"line":197,"column":6},"end":{"line":199,"column":31}},"65":{"start":{"line":201,"column":23},"end":{"line":201,"column":66}},"66":{"start":{"line":202,"column":23},"end":{"line":202,"column":66}},"67":{"start":{"line":204,"column":18},"end":{"line":204,"column":75}},"68":{"start":{"line":206,"column":4},"end":{"line":206,"column":44}},"69":{"start":{"line":209,"column":2},"end":{"line":209,"column":null}},"70":{"start":{"line":125,"column":0},"end":{"line":125,"column":16}},"71":{"start":{"line":221,"column":2},"end":{"line":221,"column":null}},"72":{"start":{"line":223,"column":12},"end":{"line":223,"column":47}},"73":{"start":{"line":224,"column":12},"end":{"line":224,"column":47}},"74":{"start":{"line":226,"column":18},"end":{"line":226,"column":52}},"75":{"start":{"line":227,"column":17},"end":{"line":227,"column":57}},"76":{"start":{"line":230,"column":4},"end":{"line":230,"column":74}},"77":{"start":{"line":231,"column":17},"end":{"line":239,"column":null}},"78":{"start":{"line":243,"column":4},"end":{"line":243,"column":74}},"79":{"start":{"line":244,"column":17},"end":{"line":252,"column":null}},"80":{"start":{"line":255,"column":18},"end":{"line":255,"column":47}},"81":{"start":{"line":256,"column":18},"end":{"line":256,"column":47}},"82":{"start":{"line":258,"column":2},"end":{"line":258,"column":33}},"83":{"start":{"line":218,"column":0},"end":{"line":218,"column":16}},"84":{"start":{"line":268,"column":17},"end":{"line":268,"column":36}},"85":{"start":{"line":270,"column":20},"end":{"line":270,"column":21}},"86":{"start":{"line":273,"column":2},"end":{"line":278,"column":null}},"87":{"start":{"line":273,"column":22},"end":{"line":273,"column":28}},"88":{"start":{"line":273,"column":18},"end":{"line":273,"column":22}},"89":{"start":{"line":274,"column":4},"end":{"line":274,"column":null}},"90":{"start":{"line":275,"column":4},"end":{"line":277,"column":null}},"91":{"start":{"line":276,"column":6},"end":{"line":276,"column":null}},"92":{"start":{"line":280,"column":2},"end":{"line":283,"column":null}},"93":{"start":{"line":265,"column":0},"end":{"line":265,"column":16}},"94":{"start":{"line":291,"column":2},"end":{"line":294,"column":null}},"95":{"start":{"line":292,"column":27},"end":{"line":292,"column":31}},"96":{"start":{"line":293,"column":27},"end":{"line":293,"column":31}},"97":{"start":{"line":290,"column":0},"end":{"line":290,"column":16}},"98":{"start":{"line":303,"column":2},"end":{"line":303,"column":null}},"99":{"start":{"line":322,"column":16},"end":{"line":322,"column":45}},"100":{"start":{"line":323,"column":22},"end":{"line":323,"column":32}},"101":{"start":{"line":325,"column":12},"end":{"line":325,"column":31}},"102":{"start":{"line":326,"column":18},"end":{"line":326,"column":45}},"103":{"start":{"line":328,"column":12},"end":{"line":328,"column":49}},"104":{"start":{"line":329,"column":12},"end":{"line":329,"column":25}},"105":{"start":{"line":331,"column":2},"end":{"line":331,"column":null}}},"fnMap":{"0":{"name":"byPosition","decl":{"start":{"line":15,"column":9},"end":{"line":15,"column":19}},"loc":{"start":{"line":15,"column":38},"end":{"line":20,"column":1}}},"1":{"name":"get2DConvexHull","decl":{"start":{"line":33,"column":16},"end":{"line":33,"column":31}},"loc":{"start":{"line":33,"column":47},"end":{"line":81,"column":1}}},"2":{"name":"cross","decl":{"start":{"line":95,"column":9},"end":{"line":95,"column":14}},"loc":{"start":{"line":95,"column":43},"end":{"line":97,"column":1}}},"3":{"name":"getRoundedOffsetPolygon","decl":{"start":{"line":125,"column":16},"end":{"line":125,"column":39}},"loc":{"start":{"line":127,"column":21},"end":{"line":210,"column":1}}},"4":{"name":"(anonymous_5)","decl":{"start":{"line":129,"column":29},"end":{"line":129,"column":30}},"loc":{"start":{"line":129,"column":30},"end":{"line":129,"column":38}}},"5":{"name":"(anonymous_6)","decl":{"start":{"line":133,"column":38},"end":{"line":133,"column":39}},"loc":{"start":{"line":133,"column":43},"end":{"line":187,"column":3}}},"6":{"name":"getCapsulePolygon","decl":{"start":{"line":218,"column":16},"end":{"line":218,"column":33}},"loc":{"start":{"line":221,"column":21},"end":{"line":259,"column":1}}},"7":{"name":"getCircularHull","decl":{"start":{"line":265,"column":16},"end":{"line":265,"column":31}},"loc":{"start":{"line":266,"column":17},"end":{"line":284,"column":1}}},"8":{"name":"getCentroid","decl":{"start":{"line":290,"column":16},"end":{"line":290,"column":27}},"loc":{"start":{"line":290,"column":43},"end":{"line":295,"column":1}}},"9":{"name":"(anonymous_10)","decl":{"start":{"line":292,"column":22},"end":{"line":292,"column":23}},"loc":{"start":{"line":292,"column":23},"end":{"line":292,"column":28}}},"10":{"name":"(anonymous_11)","decl":{"start":{"line":293,"column":22},"end":{"line":293,"column":23}},"loc":{"start":{"line":293,"column":23},"end":{"line":293,"column":28}}},"11":{"name":"getDistance","decl":{"start":{"line":302,"column":9},"end":{"line":302,"column":20}},"loc":{"start":{"line":302,"column":39},"end":{"line":304,"column":1}}},"12":{"name":"findNormalViaIntersection","decl":{"start":{"line":317,"column":9},"end":{"line":317,"column":34}},"loc":{"start":{"line":320,"column":20},"end":{"line":332,"column":1}}}},"branchMap":{"0":{"loc":{"start":{"line":16,"column":2},"end":{"line":18,"column":null}},"type":"if","locations":[{"start":{"line":16,"column":2},"end":{"line":18,"column":null}},{"start":{"line":16,"column":2},"end":{"line":18,"column":null}}]},"1":{"loc":{"start":{"line":34,"column":2},"end":{"line":36,"column":null}},"type":"if","locations":[{"start":{"line":34,"column":2},"end":{"line":36,"column":null}},{"start":{"line":34,"column":2},"end":{"line":36,"column":null}}]},"2":{"loc":{"start":{"line":50,"column":6},"end":{"line":54,"column":null}},"type":"if","locations":[{"start":{"line":50,"column":6},"end":{"line":54,"column":null}},{"start":{"line":50,"column":6},"end":{"line":54,"column":null}}]},"3":{"loc":{"start":{"line":67,"column":6},"end":{"line":71,"column":null}},"type":"if","locations":[{"start":{"line":67,"column":6},"end":{"line":71,"column":null}},{"start":{"line":67,"column":6},"end":{"line":71,"column":null}}]},"4":{"loc":{"start":{"line":127,"column":2},"end":{"line":127,"column":null}},"type":"if","locations":[{"start":{"line":127,"column":2},"end":{"line":127,"column":null}},{"start":{"line":127,"column":2},"end":{"line":127,"column":null}}]},"5":{"loc":{"start":{"line":135,"column":28},"end":{"line":135,"column":57}},"type":"cond-expr","locations":[{"start":{"line":135,"column":28},"end":{"line":135,"column":57}},{"start":{"line":135,"column":60},"end":{"line":135,"column":75}}]},"6":{"loc":{"start":{"line":136,"column":46},"end":{"line":136,"column":57}},"type":"cond-expr","locations":[{"start":{"line":136,"column":46},"end":{"line":136,"column":57}},{"start":{"line":136,"column":60},"end":{"line":136,"column":75}}]},"7":{"loc":{"start":{"line":172,"column":7},"end":{"line":172,"column":28}},"type":"binary-expr","locations":[{"start":{"line":172,"column":7},"end":{"line":172,"column":28}},{"start":{"line":172,"column":32},"end":{"line":172,"column":68}}]},"8":{"loc":{"start":{"line":194,"column":10},"end":{"line":194,"column":51}},"type":"cond-expr","locations":[{"start":{"line":194,"column":10},"end":{"line":194,"column":51}},{"start":{"line":195,"column":10},"end":{"line":195,"column":31}}]},"9":{"loc":{"start":{"line":198,"column":10},"end":{"line":198,"column":27}},"type":"cond-expr","locations":[{"start":{"line":198,"column":10},"end":{"line":198,"column":27}},{"start":{"line":199,"column":10},"end":{"line":199,"column":31}}]},"10":{"loc":{"start":{"line":221,"column":2},"end":{"line":221,"column":null}},"type":"if","locations":[{"start":{"line":221,"column":2},"end":{"line":221,"column":null}},{"start":{"line":221,"column":2},"end":{"line":221,"column":null}}]},"11":{"loc":{"start":{"line":230,"column":5},"end":{"line":230,"column":23}},"type":"binary-expr","locations":[{"start":{"line":230,"column":5},"end":{"line":230,"column":23}},{"start":{"line":230,"column":27},"end":{"line":230,"column":63}}]},"12":{"loc":{"start":{"line":243,"column":5},"end":{"line":243,"column":23}},"type":"binary-expr","locations":[{"start":{"line":243,"column":5},"end":{"line":243,"column":23}},{"start":{"line":243,"column":27},"end":{"line":243,"column":63}}]},"13":{"loc":{"start":{"line":275,"column":4},"end":{"line":277,"column":null}},"type":"if","locations":[{"start":{"line":275,"column":4},"end":{"line":277,"column":null}},{"start":{"line":275,"column":4},"end":{"line":277,"column":null}}]}},"s":{"0":1,"1":1,"2":1,"3":0,"4":0,"5":0,"6":0,"7":0,"8":0,"9":0,"10":0,"11":0,"12":0,"13":0,"14":0,"15":0,"16":0,"17":0,"18":0,"19":0,"20":0,"21":0,"22":0,"23":0,"24":0,"25":0,"26":0,"27":0,"28":0,"29":0,"30":0,"31":0,"32":0,"33":0,"34":1,"35":0,"36":0,"37":0,"38":0,"39":0,"40":0,"41":0,"42":0,"43":0,"44":0,"45":0,"46":0,"47":0,"48":0,"49":0,"50":0,"51":0,"52":0,"53":0,"54":0,"55":0,"56":0,"57":0,"58":0,"59":0,"60":0,"61":0,"62":0,"63":0,"64":0,"65":0,"66":0,"67":0,"68":0,"69":0,"70":1,"71":0,"72":0,"73":0,"74":0,"75":0,"76":0,"77":0,"78":0,"79":0,"80":0,"81":0,"82":0,"83":1,"84":0,"85":0,"86":0,"87":0,"88":0,"89":0,"90":0,"91":0,"92":0,"93":1,"94":0,"95":0,"96":0,"97":1,"98":0,"99":0,"100":0,"101":0,"102":0,"103":0,"104":0,"105":0},"f":{"0":0,"1":0,"2":0,"3":0,"4":0,"5":0,"6":0,"7":0,"8":0,"9":0,"10":0,"11":0,"12":0},"b":{"0":[0,0],"1":[0,0],"2":[0,0],"3":[0,0],"4":[0,0],"5":[0,0],"6":[0,0],"7":[0,0],"8":[0,0],"9":[0,0],"10":[0,0],"11":[0,0],"12":[0,0],"13":[0,0]}}
,"/Users/smohite/graph-viz/packages/core/src/validators.ts": {"path":"/Users/smohite/graph-viz/packages/core/src/validators.ts","statementMap":{"0":{"start":{"line":1,"column":0},"end":{"line":1,"column":25}},"1":{"start":{"line":3,"column":28},"end":{"line":3,"column":46}},"2":{"start":{"line":12,"column":4},"end":{"line":12,"column":74}},"3":{"start":{"line":13,"column":2},"end":{"line":13,"column":null}},"4":{"start":{"line":14,"column":2},"end":{"line":19,"column":null}},"5":{"start":{"line":5,"column":0},"end":{"line":5,"column":16}},"6":{"start":{"line":28,"column":17},"end":{"line":28,"column":33}},"7":{"start":{"line":29,"column":2},"end":{"line":50,"column":null}},"8":{"start":{"line":30,"column":41},"end":{"line":33,"column":null}},"9":{"start":{"line":36,"column":4},"end":{"line":47,"column":null}},"10":{"start":{"line":37,"column":6},"end":{"line":46,"column":null}},"11":{"start":{"line":37,"column":35},"end":{"line":37,"column":53}},"12":{"start":{"line":37,"column":31},"end":{"line":37,"column":35}},"13":{"start":{"line":38,"column":8},"end":{"line":45,"column":null}},"14":{"start":{"line":42,"column":10},"end":{"line":44,"column":null}},"15":{"start":{"line":49,"column":4},"end":{"line":49,"column":null}},"16":{"start":{"line":22,"column":0},"end":{"line":22,"column":16}},"17":{"start":{"line":56,"column":2},"end":{"line":56,"column":null}},"18":{"start":{"line":56,"column":23},"end":{"line":56,"column":29}},"19":{"start":{"line":57,"column":16},"end":{"line":57,"column":30}},"20":{"start":{"line":57,"column":4},"end":{"line":57,"column":16}},"21":{"start":{"line":58,"column":43},"end":{"line":60,"column":null}},"22":{"start":{"line":63,"column":6},"end":{"line":74,"column":null}},"23":{"start":{"line":64,"column":8},"end":{"line":73,"column":null}},"24":{"start":{"line":64,"column":37},"end":{"line":64,"column":55}},"25":{"start":{"line":64,"column":33},"end":{"line":64,"column":37}},"26":{"start":{"line":65,"column":10},"end":{"line":72,"column":null}},"27":{"start":{"line":69,"column":12},"end":{"line":71,"column":null}},"28":{"start":{"line":76,"column":6},"end":{"line":76,"column":20}},"29":{"start":{"line":78,"column":2},"end":{"line":78,"column":null}},"30":{"start":{"line":53,"column":0},"end":{"line":53,"column":16}}},"fnMap":{"0":{"name":"required","decl":{"start":{"line":5,"column":16},"end":{"line":5,"column":24}},"loc":{"start":{"line":9,"column":24},"end":{"line":20,"column":1}}},"1":{"name":"validate","decl":{"start":{"line":22,"column":16},"end":{"line":22,"column":24}},"loc":{"start":{"line":26,"column":47},"end":{"line":51,"column":1}}},"2":{"name":"(anonymous_8)","decl":{"start":{"line":29,"column":21},"end":{"line":29,"column":null}},"loc":{"start":{"line":29,"column":21},"end":{"line":50,"column":3}}},"3":{"name":"validateClassConstructor","decl":{"start":{"line":53,"column":16},"end":{"line":53,"column":40}},"loc":{"start":{"line":54,"column":11},"end":{"line":79,"column":1}}},"4":{"name":"(anonymous_10)","decl":{"start":{"line":56,"column":2},"end":{"line":56,"column":9}},"loc":{"start":{"line":56,"column":2},"end":{"line":78,"column":null}}},"5":{"name":"class_1","decl":{"start":{"line":57,"column":4},"end":{"line":57,"column":16}},"loc":{"start":{"line":57,"column":4},"end":{"line":77,"column":5}}}},"branchMap":{"0":{"loc":{"start":{"line":12,"column":4},"end":{"line":12,"column":68}},"type":"binary-expr","locations":[{"start":{"line":12,"column":4},"end":{"line":12,"column":68}},{"start":{"line":12,"column":72},"end":{"line":12,"column":74}}]},"1":{"loc":{"start":{"line":36,"column":4},"end":{"line":47,"column":null}},"type":"if","locations":[{"start":{"line":36,"column":4},"end":{"line":47,"column":null}},{"start":{"line":36,"column":4},"end":{"line":47,"column":null}}]},"2":{"loc":{"start":{"line":38,"column":8},"end":{"line":45,"column":null}},"type":"if","locations":[{"start":{"line":38,"column":8},"end":{"line":45,"column":null}},{"start":{"line":38,"column":8},"end":{"line":45,"column":null}}]},"3":{"loc":{"start":{"line":39,"column":10},"end":{"line":39,"column":44}},"type":"binary-expr","locations":[{"start":{"line":39,"column":10},"end":{"line":39,"column":44}},{"start":{"line":40,"column":10},"end":{"line":40,"column":49}}]},"4":{"loc":{"start":{"line":63,"column":6},"end":{"line":74,"column":null}},"type":"if","locations":[{"start":{"line":63,"column":6},"end":{"line":74,"column":null}},{"start":{"line":63,"column":6},"end":{"line":74,"column":null}}]},"5":{"loc":{"start":{"line":65,"column":10},"end":{"line":72,"column":null}},"type":"if","locations":[{"start":{"line":65,"column":10},"end":{"line":72,"column":null}},{"start":{"line":65,"column":10},"end":{"line":72,"column":null}}]},"6":{"loc":{"start":{"line":66,"column":12},"end":{"line":66,"column":46}},"type":"binary-expr","locations":[{"start":{"line":66,"column":12},"end":{"line":66,"column":46}},{"start":{"line":67,"column":12},"end":{"line":67,"column":51}}]},"7":{"loc":{"start":{"line":76,"column":6},"end":{"line":76,"column":20}},"type":"binary-expr","locations":[{"start":{"line":76,"column":6},"end":{"line":76,"column":20}},{"start":{"line":76,"column":19},"end":{"line":76,"column":20}}]}},"s":{"0":1,"1":1,"2":20,"3":20,"4":20,"5":1,"6":14,"7":14,"8":0,"9":0,"10":0,"11":0,"12":0,"13":0,"14":0,"15":0,"16":1,"17":1,"18":1,"19":6,"20":1,"21":1,"22":1,"23":1,"24":2,"25":4,"26":4,"27":0,"28":1,"29":1,"30":1},"f":{"0":20,"1":14,"2":0,"3":1,"4":1,"5":1},"b":{"0":[20,15],"1":[0,0],"2":[0,0],"3":[0,0],"4":[1,0],"5":[0,4],"6":[4,4],"7":[1,0]}}
,"/Users/smohite/graph-viz/packages/core/src/shaders/asText.ts": {"path":"/Users/smohite/graph-viz/packages/core/src/shaders/asText.ts","statementMap":{"0":{"start":{"line":1,"column":13},"end":{"line":39,"column":null}},"1":{"start":{"line":41,"column":13},"end":{"line":65,"column":null}},"2":{"start":{"line":67,"column":13},"end":{"line":92,"column":null}},"3":{"start":{"line":94,"column":13},"end":{"line":149,"column":null}}},"fnMap":{},"branchMap":{},"s":{"0":1,"1":1,"2":1,"3":1},"f":{},"b":{}}
}
