TN:
SF:/Users/smohite/graph-viz/packages/core/src/DisplayGroups.ts
FN:46,(anonymous_0)
FN:50,DisplayGroups
FN:54,(anonymous_2)
FN:57,(anonymous_3)
FN:72,(anonymous_4)
FN:83,(anonymous_5)
FN:87,(anonymous_6)
FN:89,(anonymous_7)
FN:101,(anonymous_8)
FN:140,(anonymous_9)
FNF:10
FNH:1
FNDA:1,(anonymous_0)
FNDA:0,DisplayGroups
FNDA:0,(anonymous_2)
FNDA:0,(anonymous_3)
FNDA:0,(anonymous_4)
FNDA:0,(anonymous_5)
FNDA:0,(anonymous_6)
FNDA:0,(anonymous_7)
FNDA:0,(anonymous_8)
FNDA:0,(anonymous_9)
DA:2,1
DA:3,1
DA:4,1
DA:43,1
DA:44,1
DA:46,1
DA:47,0
DA:48,0
DA:51,0
DA:54,1
DA:55,0
DA:57,0
DA:59,0
DA:60,0
DA:61,0
DA:62,0
DA:65,0
DA:66,0
DA:68,0
DA:72,0
DA:75,0
DA:76,0
DA:77,0
DA:78,0
DA:83,1
DA:86,0
DA:87,0
DA:88,0
DA:89,0
DA:90,0
DA:91,0
DA:94,0
DA:98,0
DA:101,1
DA:102,0
DA:105,0
DA:113,0
DA:115,0
DA:116,0
DA:121,0
DA:122,0
DA:125,0
DA:128,0
DA:130,0
DA:131,0
DA:132,0
DA:135,0
DA:136,0
DA:137,0
DA:140,1
DA:141,0
DA:144,0
DA:152,0
DA:153,0
DA:154,0
DA:156,0
DA:161,0
DA:162,0
DA:165,0
DA:166,0
DA:167,0
DA:168,0
DA:170,1
LF:63
LH:11
BRDA:61,0,0,0
BRDA:61,0,1,0
BRDA:61,1,0,0
BRDA:61,1,1,0
BRDA:65,2,0,0
BRDA:65,2,1,0
BRDA:76,3,0,0
BRDA:76,3,1,0
BRDA:88,4,0,0
BRDA:88,4,1,0
BRDA:90,5,0,0
BRDA:90,5,1,0
BRDA:107,6,0,0
BRDA:107,6,1,0
BRDA:113,7,0,0
BRDA:113,7,1,0
BRDA:117,8,0,0
BRDA:117,8,1,0
BRDA:118,9,0,0
BRDA:118,9,1,0
BRDA:144,10,0,0
BRDA:144,10,1,0
BRDA:157,11,0,0
BRDA:157,11,1,0
BRDA:158,12,0,0
BRDA:158,12,1,0
BRDA:165,13,0,0
BRDA:165,13,1,0
BRDA:166,14,0,0
BRDA:166,14,1,0
BRF:30
BRH:0
end_of_record
TN:
SF:/Users/smohite/graph-viz/packages/core/src/GraphVisualization.ts
FN:29,constructIdToIdxMap
FN:31,(anonymous_7)
FN:57,(anonymous_8)
FN:88,GraphVisualization
FN:229,(anonymous_10)
FN:377,(anonymous_11)
FN:423,(anonymous_12)
FN:431,(anonymous_13)
FN:439,(anonymous_14)
FN:450,(anonymous_15)
FN:460,(anonymous_16)
FN:466,(anonymous_17)
FN:488,(anonymous_18)
FN:504,(anonymous_19)
FN:516,(anonymous_20)
FN:185,(anonymous_21)
FN:190,(anonymous_22)
FN:195,(anonymous_23)
FN:200,(anonymous_24)
FN:205,(anonymous_25)
FN:210,(anonymous_26)
FN:215,(anonymous_27)
FN:220,(anonymous_28)
FN:225,(anonymous_29)
FN:239,(anonymous_30)
FN:258,(anonymous_31)
FN:289,(anonymous_32)
FN:308,(anonymous_33)
FN:320,(anonymous_34)
FN:341,(anonymous_35)
FN:359,(anonymous_36)
FN:371,(anonymous_37)
FNF:32
FNH:4
FNDA:1,constructIdToIdxMap
FNDA:6,(anonymous_7)
FNDA:1,(anonymous_8)
FNDA:1,GraphVisualization
FNDA:0,(anonymous_10)
FNDA:0,(anonymous_11)
FNDA:0,(anonymous_12)
FNDA:0,(anonymous_13)
FNDA:0,(anonymous_14)
FNDA:0,(anonymous_15)
FNDA:0,(anonymous_16)
FNDA:0,(anonymous_17)
FNDA:0,(anonymous_18)
FNDA:0,(anonymous_19)
FNDA:0,(anonymous_20)
FNDA:0,(anonymous_21)
FNDA:0,(anonymous_22)
FNDA:0,(anonymous_23)
FNDA:0,(anonymous_24)
FNDA:0,(anonymous_25)
FNDA:0,(anonymous_26)
FNDA:0,(anonymous_27)
FNDA:0,(anonymous_28)
FNDA:0,(anonymous_29)
FNDA:0,(anonymous_30)
FNDA:0,(anonymous_31)
FNDA:0,(anonymous_32)
FNDA:0,(anonymous_33)
FNDA:0,(anonymous_34)
FNDA:0,(anonymous_35)
FNDA:0,(anonymous_36)
FNDA:0,(anonymous_37)
DA:1,1
DA:2,1
DA:4,1
DA:5,1
DA:16,1
DA:17,1
DA:18,1
DA:20,1
DA:21,1
DA:30,1
DA:31,1
DA:32,6
DA:35,1
DA:38,1
DA:57,1
DA:66,1
DA:69,1
DA:88,1
DA:93,2
DA:95,1
DA:96,1
DA:97,1
DA:98,1
DA:100,1
DA:103,1
DA:104,1
DA:114,1
DA:115,1
DA:117,1
DA:124,0
DA:126,0
DA:127,0
DA:129,0
DA:130,0
DA:131,0
DA:133,0
DA:134,0
DA:136,0
DA:137,0
DA:139,0
DA:140,0
DA:142,0
DA:144,0
DA:151,0
DA:156,0
DA:157,0
DA:160,0
DA:161,0
DA:162,0
DA:165,0
DA:166,0
DA:167,0
DA:168,0
DA:171,0
DA:172,0
DA:175,0
DA:176,0
DA:179,0
DA:180,0
DA:185,1
DA:186,0
DA:190,1
DA:191,0
DA:195,1
DA:196,0
DA:200,1
DA:201,0
DA:205,1
DA:206,0
DA:210,1
DA:211,0
DA:215,1
DA:216,0
DA:220,1
DA:221,0
DA:225,1
DA:226,0
DA:229,1
DA:230,0
DA:239,1
DA:240,0
DA:241,0
DA:242,0
DA:243,0
DA:244,0
DA:245,0
DA:258,1
DA:259,0
DA:260,0
DA:268,0
DA:270,0
DA:271,0
DA:274,0
DA:275,0
DA:277,0
DA:278,0
DA:280,0
DA:289,1
DA:293,0
DA:294,0
DA:295,0
DA:296,0
DA:297,0
DA:308,1
DA:309,0
DA:310,0
DA:311,0
DA:320,1
DA:321,0
DA:322,0
DA:324,0
DA:325,0
DA:327,0
DA:328,0
DA:329,0
DA:330,0
DA:331,0
DA:332,0
DA:333,0
DA:341,1
DA:342,0
DA:343,0
DA:345,0
DA:346,0
DA:348,0
DA:359,1
DA:360,0
DA:361,0
DA:362,0
DA:363,0
DA:364,0
DA:365,0
DA:371,1
DA:372,0
DA:373,0
DA:374,0
DA:377,1
DA:378,0
DA:380,0
DA:383,0
DA:384,0
DA:386,0
DA:387,0
DA:388,0
DA:389,0
DA:391,0
DA:397,0
DA:398,0
DA:402,0
DA:404,0
DA:406,0
DA:407,0
DA:410,0
DA:411,0
DA:414,0
DA:418,0
DA:419,0
DA:420,0
DA:423,1
DA:424,0
DA:425,0
DA:427,0
DA:428,0
DA:431,1
DA:432,0
DA:433,0
DA:435,0
DA:436,0
DA:439,1
DA:443,0
DA:444,0
DA:445,0
DA:447,0
DA:450,1
DA:454,0
DA:455,0
DA:457,0
DA:460,1
DA:461,0
DA:462,0
DA:466,1
DA:467,0
DA:468,0
DA:470,0
DA:474,0
DA:478,0
DA:480,0
DA:482,0
DA:483,0
DA:485,0
DA:488,1
DA:489,0
DA:491,0
DA:492,0
DA:493,0
DA:495,0
DA:496,0
DA:498,0
DA:499,0
DA:501,0
DA:504,1
DA:508,0
DA:509,0
DA:512,0
DA:513,0
DA:516,1
DA:520,0
DA:521,0
DA:523,0
DA:525,1
LF:210
LH:58
BRDA:93,0,0,1
BRDA:93,0,1,0
BRDA:378,1,0,0
BRDA:378,1,1,0
BRDA:406,2,0,0
BRDA:406,2,1,0
BRDA:424,3,0,0
BRDA:424,3,1,0
BRDA:432,4,0,0
BRDA:432,4,1,0
BRDA:444,5,0,0
BRDA:444,5,1,0
BRDA:454,6,0,0
BRDA:454,6,1,0
BRDA:461,7,0,0
BRDA:461,7,1,0
BRDA:482,8,0,0
BRDA:482,8,1,0
BRDA:491,9,0,0
BRDA:491,9,1,0
BRDA:498,10,0,0
BRDA:498,10,1,0
BRDA:508,11,0,0
BRDA:508,11,1,0
BRDA:508,12,0,0
BRDA:508,12,1,0
BRDA:520,13,0,0
BRDA:520,13,1,0
BRDA:156,14,0,0
BRDA:156,14,1,0
BRDA:160,15,0,0
BRDA:160,15,1,0
BRDA:165,16,0,0
BRDA:165,16,1,0
BRDA:171,17,0,0
BRDA:171,17,1,0
BRDA:175,18,0,0
BRDA:175,18,1,0
BRDA:179,19,0,0
BRDA:179,19,1,0
BRDA:259,20,0,0
BRDA:259,20,1,0
BRDA:277,21,0,0
BRDA:277,21,1,0
BRDA:321,22,0,0
BRDA:321,22,1,0
BRDA:321,23,0,0
BRDA:321,23,1,0
BRDA:342,24,0,0
BRDA:342,24,1,0
BRDA:343,25,0,0
BRDA:343,25,1,0
BRDA:359,26,0,0
BRDA:359,26,1,0
BRF:54
BRH:1
end_of_record
TN:
SF:/Users/smohite/graph-viz/packages/core/src/Labels.ts
FN:13,buildTexture
FN:66,buildMaterial
FN:99,setMeshTexture
FN:124,(anonymous_3)
FN:130,Labels
FN:138,(anonymous_5)
FN:148,(anonymous_6)
FN:152,(anonymous_7)
FN:214,(anonymous_8)
FN:215,(anonymous_9)
FN:221,(anonymous_10)
FNF:11
FNH:1
FNDA:0,buildTexture
FNDA:0,buildMaterial
FNDA:0,setMeshTexture
FNDA:1,(anonymous_3)
FNDA:0,Labels
FNDA:0,(anonymous_5)
FNDA:0,(anonymous_6)
FNDA:0,(anonymous_7)
FNDA:0,(anonymous_8)
FNDA:0,(anonymous_9)
FNDA:0,(anonymous_10)
DA:1,1
DA:4,1
DA:5,1
DA:13,0
DA:14,0
DA:15,0
DA:19,0
DA:20,0
DA:22,0
DA:24,0
DA:27,0
DA:28,0
DA:29,0
DA:31,0
DA:32,0
DA:35,0
DA:36,0
DA:37,0
DA:38,0
DA:39,0
DA:45,0
DA:46,0
DA:48,0
DA:72,0
DA:78,0
DA:103,0
DA:104,0
DA:108,0
DA:111,0
DA:112,0
DA:116,0
DA:117,0
DA:118,0
DA:119,0
DA:120,0
DA:121,0
DA:124,1
DA:131,0
DA:133,0
DA:134,0
DA:135,0
DA:138,1
DA:139,0
DA:140,0
DA:141,0
DA:143,0
DA:145,0
DA:148,1
DA:150,0
DA:152,0
DA:153,0
DA:154,0
DA:157,0
DA:159,0
DA:160,0
DA:161,0
DA:164,0
DA:167,0
DA:168,0
DA:170,0
DA:171,0
DA:174,0
DA:177,0
DA:178,0
DA:180,0
DA:181,0
DA:184,0
DA:190,0
DA:193,0
DA:195,0
DA:196,0
DA:198,0
DA:201,0
DA:202,0
DA:203,0
DA:204,0
DA:205,0
DA:208,0
DA:210,0
DA:214,1
DA:215,0
DA:216,0
DA:217,0
DA:218,0
DA:221,0
DA:222,0
DA:225,1
LF:87
LH:8
BRDA:13,0,0,0
BRDA:13,0,1,0
BRDA:138,1,0,0
BRDA:138,1,1,0
BRDA:140,2,0,0
BRDA:140,2,1,0
BRDA:153,3,0,0
BRDA:153,3,1,0
BRDA:159,4,0,0
BRDA:159,4,1,0
BRDA:177,5,0,0
BRDA:177,5,1,0
BRDA:180,6,0,0
BRDA:180,6,1,0
BRDA:193,7,0,0
BRDA:193,7,1,0
BRDA:195,8,0,0
BRDA:195,8,1,0
BRDA:201,9,0,0
BRDA:201,9,1,0
BRF:20
BRH:0
end_of_record
TN:
SF:/Users/smohite/graph-viz/packages/core/src/Links.ts
FN:70,populateLinks
FN:74,(anonymous_3)
FN:81,(anonymous_4)
FN:92,(anonymous_5)
FN:100,Links
FN:154,(anonymous_7)
FN:159,(anonymous_8)
FN:169,(anonymous_9)
FN:179,(anonymous_10)
FN:325,(anonymous_11)
FN:356,(anonymous_12)
FNF:11
FNH:1
FNDA:0,populateLinks
FNDA:0,(anonymous_3)
FNDA:0,(anonymous_4)
FNDA:1,(anonymous_5)
FNDA:0,Links
FNDA:0,(anonymous_7)
FNDA:0,(anonymous_8)
FNDA:0,(anonymous_9)
FNDA:0,(anonymous_10)
FNDA:0,(anonymous_11)
FNDA:0,(anonymous_12)
DA:1,1
DA:3,1
DA:9,1
DA:10,1
DA:11,1
DA:16,1
DA:21,1
DA:22,1
DA:23,1
DA:24,1
DA:25,1
DA:70,1
DA:74,0
DA:81,1
DA:82,0
DA:84,0
DA:87,0
DA:89,0
DA:92,1
DA:100,0
DA:101,0
DA:102,0
DA:104,0
DA:105,0
DA:109,0
DA:113,0
DA:117,0
DA:121,0
DA:125,0
DA:129,0
DA:134,0
DA:144,0
DA:145,0
DA:147,0
DA:148,0
DA:149,0
DA:151,0
DA:154,0
DA:155,0
DA:156,0
DA:159,0
DA:160,0
DA:161,0
DA:162,0
DA:169,0
DA:170,0
DA:171,0
DA:172,0
DA:179,0
DA:180,0
DA:183,0
DA:184,0
DA:187,0
DA:190,0
DA:193,0
DA:197,0
DA:198,0
DA:200,0
DA:201,0
DA:204,0
DA:205,0
DA:208,0
DA:209,0
DA:212,0
DA:213,0
DA:216,0
DA:217,0
DA:220,0
DA:221,0
DA:224,0
DA:226,0
DA:227,0
DA:228,0
DA:229,0
DA:231,0
DA:232,0
DA:233,0
DA:235,0
DA:237,0
DA:244,0
DA:245,0
DA:247,0
DA:250,0
DA:251,0
DA:252,0
DA:253,0
DA:257,0
DA:258,0
DA:259,0
DA:261,0
DA:262,0
DA:263,0
DA:266,0
DA:267,0
DA:268,0
DA:270,0
DA:271,0
DA:272,0
DA:275,0
DA:276,0
DA:280,0
DA:282,0
DA:283,0
DA:287,0
DA:289,0
DA:290,0
DA:293,0
DA:294,0
DA:296,0
DA:300,0
DA:301,0
DA:305,0
DA:308,0
DA:311,0
DA:312,0
DA:313,0
DA:314,0
DA:315,0
DA:316,0
DA:318,0
DA:325,0
DA:326,0
DA:328,0
DA:329,0
DA:331,0
DA:332,0
DA:335,0
DA:337,0
DA:338,0
DA:339,0
DA:341,0
DA:342,0
DA:346,0
DA:350,0
DA:356,0
DA:357,0
DA:359,1
LF:137
LH:15
BRDA:155,0,0,0
BRDA:155,0,1,0
BRDA:200,1,0,0
BRDA:200,1,1,0
BRDA:204,2,0,0
BRDA:204,2,1,0
BRDA:208,3,0,0
BRDA:208,3,1,0
BRDA:212,4,0,0
BRDA:212,4,1,0
BRDA:216,5,0,0
BRDA:216,5,1,0
BRDA:220,6,0,0
BRDA:220,6,1,0
BRDA:238,7,0,0
BRDA:238,7,1,0
BRDA:240,8,0,0
BRDA:240,8,1,0
BRDA:282,9,0,0
BRDA:282,9,1,0
BRDA:285,10,0,0
BRDA:285,10,1,0
BRDA:293,11,0,0
BRDA:293,11,1,0
BRDA:300,12,0,0
BRDA:300,12,1,0
BRDA:305,13,0,0
BRDA:305,13,1,0
BRDA:331,14,0,0
BRDA:331,14,1,0
BRF:30
BRH:0
end_of_record
TN:
SF:/Users/smohite/graph-viz/packages/core/src/MouseInteraction.ts
FN:61,(anonymous_0)
FN:97,MouseInteraction
FN:167,(anonymous_2)
FN:197,(anonymous_3)
FN:210,(anonymous_4)
FN:216,(anonymous_5)
FN:227,(anonymous_6)
FN:241,(anonymous_7)
FN:281,(anonymous_8)
FN:287,(anonymous_9)
FN:293,(anonymous_10)
FN:127,(anonymous_11)
FN:131,(anonymous_12)
FN:135,(anonymous_13)
FN:139,(anonymous_14)
FN:143,(anonymous_15)
FN:147,(anonymous_16)
FN:151,(anonymous_17)
FN:155,(anonymous_18)
FN:159,(anonymous_19)
FN:163,(anonymous_20)
FNF:21
FNH:1
FNDA:1,(anonymous_0)
FNDA:0,MouseInteraction
FNDA:0,(anonymous_2)
FNDA:0,(anonymous_3)
FNDA:0,(anonymous_4)
FNDA:0,(anonymous_5)
FNDA:0,(anonymous_6)
FNDA:0,(anonymous_7)
FNDA:0,(anonymous_8)
FNDA:0,(anonymous_9)
FNDA:0,(anonymous_10)
FNDA:0,(anonymous_11)
FNDA:0,(anonymous_12)
FNDA:0,(anonymous_13)
FNDA:0,(anonymous_14)
FNDA:0,(anonymous_15)
FNDA:0,(anonymous_16)
FNDA:0,(anonymous_17)
FNDA:0,(anonymous_18)
FNDA:0,(anonymous_19)
FNDA:0,(anonymous_20)
DA:1,1
DA:2,1
DA:5,1
DA:61,1
DA:66,0
DA:97,0
DA:103,0
DA:104,0
DA:105,0
DA:106,0
DA:108,0
DA:109,0
DA:110,0
DA:112,0
DA:113,0
DA:114,0
DA:116,0
DA:117,0
DA:118,0
DA:120,0
DA:121,0
DA:122,0
DA:123,0
DA:124,0
DA:127,1
DA:128,0
DA:131,1
DA:132,0
DA:135,1
DA:136,0
DA:139,1
DA:140,0
DA:143,1
DA:144,0
DA:147,1
DA:148,0
DA:151,1
DA:152,0
DA:155,1
DA:156,0
DA:159,1
DA:160,0
DA:163,1
DA:164,0
DA:167,0
DA:168,0
DA:170,0
DA:177,0
DA:185,0
DA:186,0
DA:190,0
DA:191,0
DA:192,0
DA:197,0
DA:200,0
DA:204,0
DA:207,0
DA:210,0
DA:211,0
DA:212,0
DA:213,0
DA:214,0
DA:216,0
DA:217,0
DA:220,0
DA:221,0
DA:227,0
DA:228,0
DA:229,0
DA:230,0
DA:232,0
DA:233,0
DA:235,0
DA:236,0
DA:241,0
DA:242,0
DA:243,0
DA:246,0
DA:248,0
DA:249,0
DA:251,0
DA:253,0
DA:255,0
DA:257,0
DA:259,0
DA:261,0
DA:262,0
DA:264,0
DA:266,0
DA:272,0
DA:273,0
DA:275,0
DA:277,0
DA:281,0
DA:282,0
DA:283,0
DA:284,0
DA:287,0
DA:288,0
DA:289,0
DA:290,0
DA:293,0
DA:294,0
DA:295,0
DA:296,0
DA:298,0
DA:300,1
LF:107
LH:15
BRDA:191,0,0,0
BRDA:191,0,1,0
BRDA:200,1,0,0
BRDA:200,1,1,0
BRDA:201,2,0,0
BRDA:201,2,1,0
BRDA:235,3,0,0
BRDA:235,3,1,0
BRDA:246,4,0,0
BRDA:246,4,1,0
BRDA:248,5,0,0
BRDA:248,5,1,0
BRDA:249,6,0,0
BRDA:249,6,1,0
BRDA:253,7,0,0
BRDA:253,7,1,0
BRDA:259,8,0,0
BRDA:259,8,1,0
BRDA:264,9,0,0
BRDA:264,9,1,0
BRF:20
BRH:0
end_of_record
TN:
SF:/Users/smohite/graph-viz/packages/core/src/Nodes.ts
FN:100,(anonymous_0)
FN:107,Nodes
FN:162,(anonymous_2)
FN:167,(anonymous_3)
FN:182,(anonymous_4)
FN:256,(anonymous_5)
FN:271,(anonymous_6)
FN:294,(anonymous_7)
FN:318,(anonymous_8)
FN:337,(anonymous_9)
FN:358,(anonymous_10)
FN:388,(anonymous_11)
FN:409,(anonymous_12)
FN:436,(anonymous_13)
FNF:14
FNH:1
FNDA:1,(anonymous_0)
FNDA:0,Nodes
FNDA:0,(anonymous_2)
FNDA:0,(anonymous_3)
FNDA:0,(anonymous_4)
FNDA:0,(anonymous_5)
FNDA:0,(anonymous_6)
FNDA:0,(anonymous_7)
FNDA:0,(anonymous_8)
FNDA:0,(anonymous_9)
FNDA:0,(anonymous_10)
FNDA:0,(anonymous_11)
FNDA:0,(anonymous_12)
FNDA:0,(anonymous_13)
DA:3,1
DA:4,1
DA:5,1
DA:89,1
DA:90,1
DA:91,1
DA:92,1
DA:93,1
DA:94,1
DA:95,1
DA:96,1
DA:97,1
DA:98,1
DA:100,1
DA:105,0
DA:107,0
DA:108,0
DA:109,0
DA:110,0
DA:114,0
DA:118,0
DA:122,0
DA:126,0
DA:130,0
DA:134,0
DA:138,0
DA:142,0
DA:147,0
DA:149,0
DA:159,0
DA:162,0
DA:163,0
DA:164,0
DA:167,0
DA:168,0
DA:169,0
DA:182,0
DA:183,0
DA:186,0
DA:189,0
DA:190,0
DA:193,0
DA:194,0
DA:197,0
DA:198,0
DA:201,0
DA:205,0
DA:206,0
DA:208,0
DA:212,0
DA:214,0
DA:215,0
DA:217,0
DA:221,0
DA:223,0
DA:224,0
DA:225,0
DA:226,0
DA:228,0
DA:233,0
DA:234,0
DA:236,0
DA:237,0
DA:239,0
DA:243,0
DA:245,0
DA:249,0
DA:256,0
DA:257,0
DA:258,0
DA:259,0
DA:260,0
DA:261,0
DA:262,0
DA:263,0
DA:264,0
DA:271,0
DA:272,0
DA:276,0
DA:277,0
DA:278,0
DA:281,0
DA:282,0
DA:285,0
DA:287,0
DA:294,0
DA:295,0
DA:299,0
DA:300,0
DA:301,0
DA:304,0
DA:305,0
DA:311,0
DA:318,0
DA:319,0
DA:321,0
DA:322,0
DA:323,0
DA:326,0
DA:327,0
DA:330,0
DA:337,0
DA:338,0
DA:342,0
DA:343,0
DA:344,0
DA:347,0
DA:348,0
DA:351,0
DA:358,0
DA:359,0
DA:360,0
DA:364,0
DA:365,0
DA:366,0
DA:367,0
DA:370,0
DA:371,0
DA:372,0
DA:373,0
DA:374,0
DA:380,0
DA:381,0
DA:388,0
DA:389,0
DA:391,0
DA:392,0
DA:393,0
DA:396,0
DA:397,0
DA:398,0
DA:399,0
DA:402,0
DA:409,0
DA:410,0
DA:414,0
DA:415,0
DA:416,0
DA:419,0
DA:421,0
DA:422,0
DA:429,0
DA:436,0
DA:437,0
DA:441,0
DA:442,0
DA:443,0
DA:448,0
DA:449,0
DA:450,0
DA:457,0
DA:459,1
LF:152
LH:15
BRDA:163,0,0,0
BRDA:163,0,1,0
BRDA:233,1,0,0
BRDA:233,1,1,0
BRDA:277,2,0,0
BRDA:277,2,1,0
BRDA:300,3,0,0
BRDA:300,3,1,0
BRDA:307,4,0,0
BRDA:307,4,1,0
BRDA:322,5,0,0
BRDA:322,5,1,0
BRDA:327,6,0,0
BRDA:327,6,1,0
BRDA:343,7,0,0
BRDA:343,7,1,0
BRDA:348,8,0,0
BRDA:348,8,1,0
BRDA:365,9,0,0
BRDA:365,9,1,0
BRDA:392,10,0,0
BRDA:392,10,1,0
BRDA:415,11,0,0
BRDA:415,11,1,0
BRDA:421,12,0,0
BRDA:421,12,1,0
BRDA:442,13,0,0
BRDA:442,13,1,0
BRDA:449,14,0,0
BRDA:449,14,1,0
BRF:30
BRH:0
end_of_record
TN:
SF:/Users/smohite/graph-viz/packages/core/src/hullGeometryUtils.ts
FN:15,byPosition
FN:33,get2DConvexHull
FN:95,cross
FN:125,getRoundedOffsetPolygon
FN:129,(anonymous_5)
FN:133,(anonymous_6)
FN:218,getCapsulePolygon
FN:265,getCircularHull
FN:290,getCentroid
FN:292,(anonymous_10)
FN:293,(anonymous_11)
FN:302,getDistance
FN:317,findNormalViaIntersection
FNF:13
FNH:0
FNDA:0,byPosition
FNDA:0,get2DConvexHull
FNDA:0,cross
FNDA:0,getRoundedOffsetPolygon
FNDA:0,(anonymous_5)
FNDA:0,(anonymous_6)
FNDA:0,getCapsulePolygon
FNDA:0,getCircularHull
FNDA:0,getCentroid
FNDA:0,(anonymous_10)
FNDA:0,(anonymous_11)
FNDA:0,getDistance
FNDA:0,findNormalViaIntersection
DA:1,1
DA:2,1
DA:3,1
DA:16,0
DA:17,0
DA:19,0
DA:33,1
DA:34,0
DA:35,0
DA:40,0
DA:43,0
DA:44,0
DA:45,0
DA:46,0
DA:47,0
DA:50,0
DA:51,0
DA:53,0
DA:56,0
DA:60,0
DA:61,0
DA:62,0
DA:63,0
DA:64,0
DA:65,0
DA:67,0
DA:68,0
DA:70,0
DA:73,0
DA:77,0
DA:78,0
DA:80,0
DA:96,0
DA:125,1
DA:127,0
DA:129,0
DA:131,0
DA:133,0
DA:135,0
DA:136,0
DA:138,0
DA:139,0
DA:141,0
DA:143,0
DA:144,0
DA:146,0
DA:149,0
DA:156,0
DA:163,0
DA:172,0
DA:176,0
DA:178,0
DA:182,0
DA:183,0
DA:184,0
DA:186,0
DA:189,0
DA:190,0
DA:191,0
DA:193,0
DA:197,0
DA:201,0
DA:202,0
DA:204,0
DA:206,0
DA:209,0
DA:218,1
DA:221,0
DA:223,0
DA:224,0
DA:226,0
DA:227,0
DA:230,0
DA:231,0
DA:243,0
DA:244,0
DA:255,0
DA:256,0
DA:258,0
DA:265,1
DA:268,0
DA:270,0
DA:273,0
DA:274,0
DA:275,0
DA:276,0
DA:280,0
DA:290,1
DA:291,0
DA:292,0
DA:293,0
DA:303,0
DA:322,0
DA:323,0
DA:325,0
DA:326,0
DA:328,0
DA:329,0
DA:331,0
LF:99
LH:8
BRDA:16,0,0,0
BRDA:16,0,1,0
BRDA:34,1,0,0
BRDA:34,1,1,0
BRDA:50,2,0,0
BRDA:50,2,1,0
BRDA:67,3,0,0
BRDA:67,3,1,0
BRDA:127,4,0,0
BRDA:127,4,1,0
BRDA:135,5,0,0
BRDA:135,5,1,0
BRDA:136,6,0,0
BRDA:136,6,1,0
BRDA:172,7,0,0
BRDA:172,7,1,0
BRDA:194,8,0,0
BRDA:194,8,1,0
BRDA:198,9,0,0
BRDA:198,9,1,0
BRDA:221,10,0,0
BRDA:221,10,1,0
BRDA:230,11,0,0
BRDA:230,11,1,0
BRDA:243,12,0,0
BRDA:243,12,1,0
BRDA:275,13,0,0
BRDA:275,13,1,0
BRF:28
BRH:0
end_of_record
TN:
SF:/Users/smohite/graph-viz/packages/core/src/validators.ts
FN:5,required
FN:22,validate
FN:29,(anonymous_8)
FN:53,validateClassConstructor
FN:56,(anonymous_10)
FN:57,class_1
FNF:6
FNH:5
FNDA:20,required
FNDA:14,validate
FNDA:0,(anonymous_8)
FNDA:1,validateClassConstructor
FNDA:1,(anonymous_10)
FNDA:1,class_1
DA:1,1
DA:3,1
DA:5,1
DA:12,20
DA:13,20
DA:14,20
DA:22,1
DA:28,14
DA:29,14
DA:30,0
DA:36,0
DA:37,0
DA:38,0
DA:42,0
DA:49,0
DA:53,1
DA:56,1
DA:57,6
DA:58,1
DA:63,1
DA:64,4
DA:65,4
DA:69,0
DA:76,1
DA:78,1
LF:25
LH:18
BRDA:12,0,0,20
BRDA:12,0,1,15
BRDA:36,1,0,0
BRDA:36,1,1,0
BRDA:38,2,0,0
BRDA:38,2,1,0
BRDA:39,3,0,0
BRDA:39,3,1,0
BRDA:63,4,0,1
BRDA:63,4,1,0
BRDA:65,5,0,0
BRDA:65,5,1,4
BRDA:66,6,0,4
BRDA:66,6,1,4
BRDA:76,7,0,1
BRDA:76,7,1,0
BRF:16
BRH:7
end_of_record
TN:
SF:/Users/smohite/graph-viz/packages/core/src/shaders/asText.ts
FNF:0
FNH:0
DA:1,1
DA:41,1
DA:67,1
DA:94,1
LF:4
LH:4
BRF:0
BRH:0
end_of_record
